17:13:45.771 [main] INFO  com.config.tool.AppMain - Application started.
18:56:11.929 [main] INFO  com.config.tool.AppMain - Application started.
18:56:23.956 [AWT-EventQueue-0] INFO  com.config.tool.login.LoginPresenter - Attempting login for username: admin
18:56:23.958 [AWT-EventQueue-0] INFO  com.config.tool.login.LoginPresenter - Login successful for username: admin
18:56:23.958 [AWT-EventQueue-0] INFO  com.config.tool.login.LoginScreenUI - Showing main menu screen
18:56:28.922 [AWT-EventQueue-0] INFO  com.config.tool.mainScreen.MainScreenUI - Button clicked: Xstore Restart
18:56:28.922 [AWT-EventQueue-0] INFO  com.config.tool.mainScreen.MainScreenUI - Showing wait prompt: Operation in progress...
18:56:28.941 [Thread-0] INFO  com.config.tool.mainScreen.MainScreenUI - Opening Notepad...
18:56:34.244 [AWT-EventQueue-0] INFO  com.config.tool.mainScreen.MainScreenUI - Button clicked: Logout
18:56:34.246 [AWT-EventQueue-0] INFO  com.config.tool.mainScreen.MainScreenUI - Logging out from the main screen
17:05:45.054 [main] INFO  com.config.tool.AppMain - Application started.
17:07:44.842 [AWT-EventQueue-0] INFO  com.config.tool.login.LoginPresenter - Attempting login for username: admin
17:07:44.846 [AWT-EventQueue-0] INFO  com.config.tool.login.LoginPresenter - Login successful for username: admin
17:07:44.846 [AWT-EventQueue-0] INFO  com.config.tool.login.LoginScreenUI - Showing main menu screen
17:07:49.800 [AWT-EventQueue-0] INFO  com.config.tool.mainScreen.MainScreenUI - Button clicked: Logout
17:07:49.800 [AWT-EventQueue-0] INFO  com.config.tool.mainScreen.MainScreenUI - Logging out from the main screen
17:07:59.553 [AWT-EventQueue-0] INFO  com.config.tool.login.LoginPresenter - Attempting login for username: user
17:07:59.555 [AWT-EventQueue-0] INFO  com.config.tool.login.LoginPresenter - Login successful for username: user
17:07:59.555 [AWT-EventQueue-0] INFO  com.config.tool.login.LoginScreenUI - Showing main menu screen
17:08:08.276 [AWT-EventQueue-0] INFO  com.config.tool.mainScreen.MainScreenUI - Button clicked: Logout
17:08:08.277 [AWT-EventQueue-0] INFO  com.config.tool.mainScreen.MainScreenUI - Logging out from the main screen
17:08:18.197 [AWT-EventQueue-0] INFO  com.config.tool.login.LoginPresenter - Attempting login for username: local
17:08:18.199 [AWT-EventQueue-0] INFO  com.config.tool.login.LoginPresenter - Login successful for username: local
17:08:18.199 [AWT-EventQueue-0] INFO  com.config.tool.login.LoginScreenUI - Showing main menu screen
17:08:31.650 [AWT-EventQueue-0] INFO  com.config.tool.mainScreen.MainScreenUI - Button clicked: Logout
17:08:31.650 [AWT-EventQueue-0] INFO  com.config.tool.mainScreen.MainScreenUI - Logging out from the main screen
17:08:42.209 [AWT-EventQueue-0] INFO  com.config.tool.login.LoginPresenter - Attempting login for username: beena
17:08:42.211 [AWT-EventQueue-0] WARN  com.config.tool.login.LoginPresenter - Username not found: beena
17:08:42.211 [AWT-EventQueue-0] ERROR com.config.tool.login.LoginScreenUI - Login failed
17:11:15.461 [AWT-EventQueue-0] INFO  com.config.tool.login.LoginPresenter - Attempting login for username: admin
17:11:15.461 [AWT-EventQueue-0] INFO  com.config.tool.login.LoginPresenter - Login successful for username: admin
17:11:15.461 [AWT-EventQueue-0] INFO  com.config.tool.login.LoginScreenUI - Showing main menu screen
17:23:42.540 [AWT-EventQueue-0] INFO  com.config.tool.mainScreen.MainScreenUI - Button clicked: Xstore Restart
17:23:42.591 [AWT-EventQueue-0] INFO  com.config.tool.mainScreen.MainScreenUI - Showing wait prompt: Operation in progress...
17:23:42.629 [Thread-0] INFO  com.config.tool.mainScreen.MainScreenUI - Opening Notepad...
17:23:53.928 [AWT-EventQueue-0] INFO  com.config.tool.mainScreen.MainScreenUI - Button clicked: Xenv Restart
17:23:53.928 [AWT-EventQueue-0] INFO  com.config.tool.mainScreen.MainScreenUI - Showing wait prompt: Operation in progress...
17:23:53.940 [Thread-1] INFO  com.config.tool.mainScreen.MainScreenUI - Opening Notepad...
14:02:30.486 [main] INFO  com.config.tool.AppMain - Application started.
14:03:10.060 [AWT-EventQueue-0] INFO  com.config.tool.login.LoginPresenter - Attempting login for username: admin
14:03:10.061 [AWT-EventQueue-0] INFO  com.config.tool.login.LoginPresenter - Login successful for username: admin
14:03:10.061 [AWT-EventQueue-0] INFO  com.config.tool.login.LoginScreenUI - Showing main menu screen
14:03:41.933 [AWT-EventQueue-0] INFO  com.config.tool.mainScreen.MainScreenUI - Button clicked: Xstore Restart
14:03:41.934 [AWT-EventQueue-0] INFO  com.config.tool.mainScreen.MainScreenUI - Showing wait prompt: Operation in progress...
14:03:41.955 [Thread-0] INFO  com.config.tool.mainScreen.MainScreenUI - Opening Notepad...
10:03:02.098 [main] INFO  com.config.tool.AppMain - Application started.
10:03:44.281 [AWT-EventQueue-0] INFO  com.config.tool.login.LoginPresenter - Attempting login for username: admin
10:03:44.281 [AWT-EventQueue-0] INFO  com.config.tool.login.LoginPresenter - Login successful for username: admin
10:03:44.281 [AWT-EventQueue-0] INFO  com.config.tool.login.LoginScreenUI - Showing main menu screen
10:04:50.246 [AWT-EventQueue-0] INFO  com.config.tool.mainScreen.MainScreenUI - Button clicked: Xstore Restart
10:04:50.246 [AWT-EventQueue-0] INFO  com.config.tool.mainScreen.MainScreenUI - Showing wait prompt: Operation in progress...
10:04:50.277 [Thread-0] INFO  com.config.tool.mainScreen.MainScreenUI - Opening Notepad...
11:41:15.981 [main] INFO  com.config.tool.AppMain - Application started.
11:41:26.937 [AWT-EventQueue-0] INFO  com.config.tool.login.LoginPresenter - Attempting login for username: admin
11:41:26.938 [AWT-EventQueue-0] INFO  com.config.tool.login.LoginPresenter - Login successful for username: admin
11:41:26.939 [AWT-EventQueue-0] INFO  com.config.tool.login.LoginScreenUI - Showing main menu screen
12:03:20.760 [AWT-EventQueue-0] INFO  com.config.tool.mainScreen.MainScreenUI - Button clicked: Xstore Restart
12:03:20.761 [AWT-EventQueue-0] INFO  com.config.tool.mainScreen.MainScreenUI - Showing wait prompt: Operation in progress...
12:03:20.785 [Thread-0] INFO  com.config.tool.mainScreen.MainScreenUI - Opening Notepad...
12:03:28.776 [AWT-EventQueue-0] INFO  com.config.tool.mainScreen.MainScreenUI - Button clicked: Xenv Restart
12:03:28.776 [AWT-EventQueue-0] INFO  com.config.tool.mainScreen.MainScreenUI - Showing wait prompt: Operation in progress...
12:03:28.791 [Thread-1] INFO  com.config.tool.mainScreen.MainScreenUI - Opening Notepad...
16:21:07.933 [main] INFO  com.config.tool.AppMain - Application started.
16:21:17.610 [AWT-EventQueue-0] INFO  com.config.tool.login.LoginPresenter - Attempting login for username: admin
16:21:17.611 [AWT-EventQueue-0] INFO  com.config.tool.login.LoginPresenter - Login successful for username: admin
16:21:17.612 [AWT-EventQueue-0] INFO  com.config.tool.login.LoginScreenUI - Showing main menu screen
16:21:34.963 [AWT-EventQueue-0] INFO  com.config.tool.mainScreen.MainScreenUI - Button clicked: Xstore Restart
16:21:34.965 [AWT-EventQueue-0] INFO  com.config.tool.mainScreen.MainScreenUI - Showing wait prompt: Operation in progress...
16:21:35.018 [Thread-0] INFO  com.config.tool.mainScreen.MainScreenUI - Opening Notepad...
16:34:23.456 [main] INFO  com.config.tool.AppMain - Application started.
16:34:34.486 [AWT-EventQueue-0] INFO  com.config.tool.login.LoginPresenter - Attempting login for username: admin
16:34:34.487 [AWT-EventQueue-0] INFO  com.config.tool.login.LoginPresenter - Login successful for username: admin
16:34:34.487 [AWT-EventQueue-0] INFO  com.config.tool.login.LoginScreenUI - Showing main menu screen
16:37:06.110 [AWT-EventQueue-0] INFO  com.config.tool.mainScreen.MainScreenUI - Button clicked: Xstore Restart
16:37:06.111 [AWT-EventQueue-0] INFO  com.config.tool.mainScreen.MainScreenUI - Showing wait prompt: Operation in progress...
16:37:06.152 [Thread-0] INFO  com.config.tool.mainScreen.MainScreenUI - Restarting Xstore...
16:52:34.723 [main] INFO  com.config.tool.AppMain - Application started.
16:52:45.250 [AWT-EventQueue-0] INFO  com.config.tool.login.LoginPresenter - Attempting login for username: admin
16:52:45.251 [AWT-EventQueue-0] INFO  com.config.tool.login.LoginPresenter - Login successful for username: admin
16:52:45.252 [AWT-EventQueue-0] INFO  com.config.tool.login.LoginScreenUI - Showing main menu screen
16:52:50.032 [AWT-EventQueue-0] INFO  com.config.tool.mainScreen.MainScreenUI - Button clicked: Xstore Restart
16:52:50.033 [AWT-EventQueue-0] INFO  com.config.tool.mainScreen.MainScreenUI - Showing wait prompt: Operation in progress...
16:52:50.058 [Thread-0] INFO  com.config.tool.mainScreen.MainScreenUI - Restarting Xstore...
16:53:53.339 [main] INFO  com.config.tool.AppMain - Application started.
16:56:10.340 [main] INFO  com.config.tool.AppMain - Application started.
16:56:19.118 [AWT-EventQueue-0] INFO  com.config.tool.login.LoginPresenter - Attempting login for username: admin
16:56:19.118 [AWT-EventQueue-0] INFO  com.config.tool.login.LoginPresenter - Login successful for username: admin
16:56:19.119 [AWT-EventQueue-0] INFO  com.config.tool.login.LoginScreenUI - Showing main menu screen
16:56:36.636 [AWT-EventQueue-0] INFO  com.config.tool.mainScreen.MainScreenUI - Button clicked: Xstore Restart
16:56:36.637 [AWT-EventQueue-0] INFO  com.config.tool.mainScreen.MainScreenUI - Showing wait prompt: Operation in progress...
17:01:58.683 [Thread-0] INFO  com.config.tool.mainScreen.MainScreenUI - Restarting Xstore...
16:06:46.972 [main] INFO  com.config.tool.AppMain - Application started.
16:07:02.201 [AWT-EventQueue-0] INFO  com.config.tool.login.LoginPresenter - Attempting login for username: admin
16:07:02.202 [AWT-EventQueue-0] INFO  com.config.tool.login.LoginPresenter - Login successful for username: admin
16:07:02.202 [AWT-EventQueue-0] INFO  com.config.tool.login.LoginScreenUI - Showing main menu screen
16:09:00.244 [AWT-EventQueue-0] INFO  com.config.tool.mainScreen.MainScreenUI - Button clicked: Xstore Restart
16:09:00.245 [AWT-EventQueue-0] INFO  com.config.tool.mainScreen.MainScreenUI - Showing wait prompt: Operation in progress...
16:09:00.267 [Thread-0] INFO  com.config.tool.mainScreen.MainScreenUI - Restarting Xstore...
16:13:36.881 [AWT-EventQueue-0] INFO  com.config.tool.mainScreen.MainScreenUI - Button clicked: Xstore Restart
16:13:36.881 [AWT-EventQueue-0] INFO  com.config.tool.mainScreen.MainScreenUI - Showing wait prompt: Operation in progress...
16:13:36.899 [Thread-1] INFO  com.config.tool.mainScreen.MainScreenUI - Restarting Xstore...
17:07:35.519 [AWT-EventQueue-0] INFO  com.config.tool.mainScreen.MainScreenUI - Button clicked: Xstore Restart
17:07:35.522 [AWT-EventQueue-0] INFO  com.config.tool.mainScreen.MainScreenUI - Showing wait prompt: Operation in progress...
17:07:35.544 [Thread-2] INFO  com.config.tool.mainScreen.MainScreenUI - Restarting Xstore...
17:31:12.014 [AWT-EventQueue-0] INFO  com.config.tool.mainScreen.MainScreenUI - Button clicked: Run Data Loader
17:31:12.014 [AWT-EventQueue-0] INFO  com.config.tool.mainScreen.MainScreenUI - Showing wait prompt: Operation in progress...
17:31:12.044 [Thread-3] INFO  com.config.tool.mainScreen.MainScreenUI - Running Data Loader...
17:31:12.045 [Thread-3] INFO  com.config.tool.mainScreen.MainScreenUI - Data loader executed successfully
17:54:27.186 [AWT-EventQueue-0] INFO  com.config.tool.mainScreen.MainScreenUI - Button clicked: Run Data Loader
17:54:27.187 [AWT-EventQueue-0] INFO  com.config.tool.mainScreen.MainScreenUI - Showing wait prompt: Operation in progress...
17:54:27.213 [Thread-4] INFO  com.config.tool.mainScreen.MainScreenUI - Running Data Loader...
17:54:27.214 [Thread-4] INFO  com.config.tool.mainScreen.MainScreenUI - Data loader executed successfully
15:00:17.656 [main] INFO  com.config.tool.AppMain - Application started.
15:00:29.795 [AWT-EventQueue-0] INFO  com.config.tool.login.LoginPresenter - Attempting login for username: admin
15:00:29.796 [AWT-EventQueue-0] INFO  com.config.tool.login.LoginPresenter - Login successful for username: admin
15:00:29.797 [AWT-EventQueue-0] INFO  com.config.tool.login.LoginScreenUI - Showing main menu screen
15:12:03.613 [AWT-EventQueue-0] INFO  com.config.tool.mainScreen.MainScreenUI - Button clicked: Run Data Loader
15:12:03.628 [AWT-EventQueue-0] INFO  com.config.tool.mainScreen.MainScreenUI - Showing wait prompt: Operation in progress...
15:12:03.654 [Thread-0] INFO  com.config.tool.mainScreen.MainScreenUI - Running Data Loader...
15:12:05.395 [Thread-0] INFO  com.config.tool.mainScreen.MainScreenUI - Data loader executed successfully
15:13:58.049 [AWT-EventQueue-0] INFO  com.config.tool.mainScreen.MainScreenUI - Button clicked: Check Connectivity
15:13:58.051 [AWT-EventQueue-0] INFO  com.config.tool.mainScreen.MainScreenUI - Showing wait prompt: Operation in progress...
15:13:58.075 [Thread-1] INFO  com.config.tool.mainScreen.MainScreenUI - Checking Connectivity...
15:13:58.088 [Thread-1] INFO  com.config.tool.mainScreen.MainScreenUI - Displaying internet connectivity status: connected
15:14:42.481 [AWT-EventQueue-0] INFO  com.config.tool.mainScreen.MainScreenUI - Button clicked: Delete Marker Files
15:14:42.481 [AWT-EventQueue-0] INFO  com.config.tool.mainScreen.MainScreenUI - Showing wait prompt: Operation in progress...
15:14:42.500 [Thread-2] INFO  com.config.tool.mainScreen.MainScreenUI - Deleting Marker Files...
15:14:51.708 [AWT-EventQueue-0] INFO  com.config.tool.mainScreen.MainScreenUI - Button clicked: Delete Marker Files
15:14:51.709 [AWT-EventQueue-0] INFO  com.config.tool.mainScreen.MainScreenUI - Showing wait prompt: Operation in progress...
15:14:51.735 [Thread-3] INFO  com.config.tool.mainScreen.MainScreenUI - Deleting Marker Files...
15:22:22.677 [main] INFO  com.config.tool.AppMain - Application started.
15:22:31.115 [AWT-EventQueue-0] INFO  com.config.tool.login.LoginPresenter - Attempting login for username: admin
15:22:31.116 [AWT-EventQueue-0] INFO  com.config.tool.login.LoginPresenter - Login successful for username: admin
15:22:31.117 [AWT-EventQueue-0] INFO  com.config.tool.login.LoginScreenUI - Showing main menu screen
15:22:40.740 [AWT-EventQueue-0] INFO  com.config.tool.mainScreen.MainScreenUI - Button clicked: Delete Marker Files
15:22:40.740 [AWT-EventQueue-0] INFO  com.config.tool.mainScreen.MainScreenUI - Showing wait prompt: Operation in progress...
15:22:40.770 [Thread-0] INFO  com.config.tool.mainScreen.MainScreenUI - Deleting Marker Files...
15:50:52.373 [main] INFO  com.config.tool.AppMain - Application started.
15:51:01.419 [AWT-EventQueue-0] INFO  com.config.tool.login.LoginPresenter - Attempting login for username: admin
15:51:01.420 [AWT-EventQueue-0] INFO  com.config.tool.login.LoginPresenter - Login successful for username: admin
15:51:01.421 [AWT-EventQueue-0] INFO  com.config.tool.login.LoginScreenUI - Showing main menu screen
15:51:04.268 [AWT-EventQueue-0] INFO  com.config.tool.mainScreen.MainScreenUI - Button clicked: Delete Marker Files
15:51:04.269 [AWT-EventQueue-0] INFO  com.config.tool.mainScreen.MainScreenUI - Showing wait prompt: Operation in progress...
15:51:04.300 [Thread-0] INFO  com.config.tool.mainScreen.MainScreenUI - Deleting Marker Files...
15:52:55.499 [AWT-EventQueue-0] INFO  com.config.tool.mainScreen.MainScreenUI - Button clicked: Logout
15:52:55.500 [AWT-EventQueue-0] INFO  com.config.tool.mainScreen.MainScreenUI - Showing wait prompt: Operation in progress...
15:52:55.527 [Thread-1] INFO  com.config.tool.mainScreen.MainScreenUI - Logging out from the main screen
15:53:32.592 [AWT-EventQueue-0] INFO  com.config.tool.login.LoginPresenter - Attempting login for username: admin
15:53:32.592 [AWT-EventQueue-0] INFO  com.config.tool.login.LoginPresenter - Login successful for username: admin
15:53:32.593 [AWT-EventQueue-0] INFO  com.config.tool.login.LoginScreenUI - Showing main menu screen
15:53:34.424 [AWT-EventQueue-0] INFO  com.config.tool.mainScreen.MainScreenUI - Button clicked: Delete Marker Files
15:53:34.425 [AWT-EventQueue-0] INFO  com.config.tool.mainScreen.MainScreenUI - Showing wait prompt: Operation in progress...
15:53:34.448 [Thread-2] INFO  com.config.tool.mainScreen.MainScreenUI - Deleting Marker Files...
13:34:41.801 [main] INFO  com.config.tool.AppMain - Application started.
13:34:49.076 [AWT-EventQueue-0] INFO  com.config.tool.login.LoginPresenter - Attempting login for username: admin
13:34:49.078 [AWT-EventQueue-0] INFO  com.config.tool.login.LoginPresenter - Login successful for username: admin
13:34:49.078 [AWT-EventQueue-0] INFO  com.config.tool.login.LoginScreenUI - Showing main menu screen
13:35:09.821 [AWT-EventQueue-0] INFO  com.config.tool.mainScreen.MainScreenUI - Button clicked: Delete Marker Files
13:35:09.821 [AWT-EventQueue-0] INFO  com.config.tool.mainScreen.MainScreenUI - Showing wait prompt: Operation in progress...
13:35:09.855 [Thread-0] INFO  com.config.tool.mainScreen.MainScreenUI - Deleting Marker Files...
13:37:45.740 [Thread-0] INFO  com.config.tool.mainScreen.MainScreenUI - Deleting Marker Files function called...
13:40:43.603 [AWT-EventQueue-0] INFO  com.config.tool.mainScreen.MainScreenUI - Button clicked: Delete Marker Files
13:40:43.604 [AWT-EventQueue-0] INFO  com.config.tool.mainScreen.MainScreenUI - Showing wait prompt: Operation in progress...
13:40:43.621 [Thread-1] INFO  com.config.tool.mainScreen.MainScreenUI - Deleting Marker Files...
13:41:27.145 [Thread-1] INFO  com.config.tool.mainScreen.MainScreenUI - Showing error marker file deleted confirmation
13:41:33.374 [Thread-1] INFO  com.config.tool.mainScreen.MainScreenUI - Deleting Marker Files function called...
13:41:44.324 [AWT-EventQueue-0] INFO  com.config.tool.mainScreen.MainScreenUI - Button clicked: Delete Marker Files
13:41:44.324 [AWT-EventQueue-0] INFO  com.config.tool.mainScreen.MainScreenUI - Showing wait prompt: Operation in progress...
13:41:44.344 [Thread-2] INFO  com.config.tool.mainScreen.MainScreenUI - Deleting Marker Files...
13:41:51.679 [Thread-2] INFO  com.config.tool.mainScreen.MainScreenUI - Deleting Marker Files function called...
13:42:27.594 [main] INFO  com.config.tool.AppMain - Application started.
13:42:35.048 [AWT-EventQueue-0] INFO  com.config.tool.login.LoginPresenter - Attempting login for username: admin
13:42:35.049 [AWT-EventQueue-0] INFO  com.config.tool.login.LoginPresenter - Login successful for username: admin
13:42:35.050 [AWT-EventQueue-0] INFO  com.config.tool.login.LoginScreenUI - Showing main menu screen
13:42:37.740 [AWT-EventQueue-0] INFO  com.config.tool.mainScreen.MainScreenUI - Button clicked: Delete Marker Files
13:42:37.741 [AWT-EventQueue-0] INFO  com.config.tool.mainScreen.MainScreenUI - Showing wait prompt: Operation in progress...
13:42:37.766 [Thread-0] INFO  com.config.tool.mainScreen.MainScreenUI - Deleting Marker Files...
13:42:37.767 [Thread-0] INFO  com.config.tool.mainScreen.MainScreenUI - Deleting Marker Files function called...
13:43:43.771 [AWT-EventQueue-0] INFO  com.config.tool.mainScreen.MainScreenUI - Button clicked: Logout
13:43:43.771 [AWT-EventQueue-0] INFO  com.config.tool.mainScreen.MainScreenUI - Showing wait prompt: Operation in progress...
13:43:43.790 [Thread-1] INFO  com.config.tool.mainScreen.MainScreenUI - Logging out from the main screen
13:43:51.110 [AWT-EventQueue-0] INFO  com.config.tool.login.LoginPresenter - Attempting login for username: admin
13:43:51.110 [AWT-EventQueue-0] INFO  com.config.tool.login.LoginPresenter - Login successful for username: admin
13:43:51.111 [AWT-EventQueue-0] INFO  com.config.tool.login.LoginScreenUI - Showing main menu screen
13:44:32.656 [main] INFO  com.config.tool.AppMain - Application started.
13:44:39.371 [AWT-EventQueue-0] INFO  com.config.tool.login.LoginPresenter - Attempting login for username: admin
13:44:39.372 [AWT-EventQueue-0] INFO  com.config.tool.login.LoginPresenter - Login successful for username: admin
13:44:39.373 [AWT-EventQueue-0] INFO  com.config.tool.login.LoginScreenUI - Showing main menu screen
13:44:46.414 [AWT-EventQueue-0] INFO  com.config.tool.mainScreen.MainScreenUI - Button clicked: Delete Marker Files
13:44:46.414 [AWT-EventQueue-0] INFO  com.config.tool.mainScreen.MainScreenUI - Showing wait prompt: Operation in progress...
13:44:46.444 [Thread-0] INFO  com.config.tool.mainScreen.MainScreenUI - Deleting Marker Files...
13:46:14.193 [main] INFO  com.config.tool.AppMain - Application started.
13:46:22.822 [AWT-EventQueue-0] INFO  com.config.tool.login.LoginPresenter - Attempting login for username: admin
13:46:22.824 [AWT-EventQueue-0] INFO  com.config.tool.login.LoginPresenter - Login successful for username: admin
13:46:22.824 [AWT-EventQueue-0] INFO  com.config.tool.login.LoginScreenUI - Showing main menu screen
13:46:28.168 [AWT-EventQueue-0] INFO  com.config.tool.mainScreen.MainScreenUI - Button clicked: Delete Marker Files
13:46:28.168 [AWT-EventQueue-0] INFO  com.config.tool.mainScreen.MainScreenUI - Showing wait prompt: Operation in progress...
13:46:28.202 [Thread-0] INFO  com.config.tool.mainScreen.MainScreenUI - Deleting Marker Files...
13:49:54.356 [AWT-EventQueue-0] INFO  com.config.tool.mainScreen.MainScreenUI - Button clicked: Delete Marker Files
13:49:54.357 [AWT-EventQueue-0] INFO  com.config.tool.mainScreen.MainScreenUI - Showing wait prompt: Operation in progress...
13:49:54.382 [Thread-1] INFO  com.config.tool.mainScreen.MainScreenUI - Deleting Marker Files...
13:52:15.044 [main] INFO  com.config.tool.AppMain - Application started.
13:52:21.468 [AWT-EventQueue-0] INFO  com.config.tool.login.LoginPresenter - Attempting login for username: admin
13:52:21.471 [AWT-EventQueue-0] INFO  com.config.tool.login.LoginPresenter - Login successful for username: admin
13:52:21.471 [AWT-EventQueue-0] INFO  com.config.tool.login.LoginScreenUI - Showing main menu screen
13:52:23.780 [AWT-EventQueue-0] INFO  com.config.tool.mainScreen.MainScreenUI - Button clicked: Delete Marker Files
13:52:23.780 [AWT-EventQueue-0] INFO  com.config.tool.mainScreen.MainScreenUI - Showing wait prompt: Operation in progress...
13:52:23.805 [Thread-0] INFO  com.config.tool.mainScreen.MainScreenUI - Deleting Marker Files...
13:55:11.327 [main] INFO  com.config.tool.AppMain - Application started.
13:55:21.288 [AWT-EventQueue-0] INFO  com.config.tool.login.LoginPresenter - Attempting login for username: admin
13:55:21.289 [AWT-EventQueue-0] INFO  com.config.tool.login.LoginPresenter - Login successful for username: admin
13:55:21.289 [AWT-EventQueue-0] INFO  com.config.tool.login.LoginScreenUI - Showing main menu screen
13:55:24.000 [AWT-EventQueue-0] INFO  com.config.tool.mainScreen.MainScreenUI - Button clicked: Delete Marker Files
13:55:24.000 [AWT-EventQueue-0] INFO  com.config.tool.mainScreen.MainScreenUI - Showing wait prompt: Operation in progress...
13:55:24.038 [Thread-0] INFO  com.config.tool.mainScreen.MainScreenUI - Deleting Marker Files...
13:57:51.136 [AWT-EventQueue-0] INFO  com.config.tool.mainScreen.MainScreenUI - Button clicked: Transaction Replication
13:57:51.137 [AWT-EventQueue-0] INFO  com.config.tool.mainScreen.MainScreenUI - Showing wait prompt: Operation in progress...
13:58:20.803 [AWT-EventQueue-0] INFO  com.config.tool.mainScreen.MainScreenUI - Button clicked: Check Orphan Trans
13:58:20.803 [AWT-EventQueue-0] INFO  com.config.tool.mainScreen.MainScreenUI - Showing wait prompt: Operation in progress...
13:58:20.821 [Thread-2] INFO  com.config.tool.mainScreen.MainScreenUI - Checking Orphan Transactions...
13:58:20.824 [Thread-2] INFO  com.config.tool.mainScreen.MainScreenUI - Checking for orphan transactions: not present
13:59:34.365 [AWT-EventQueue-0] INFO  com.config.tool.mainScreen.MainScreenUI - Button clicked: Xstore User Guide
13:59:34.366 [AWT-EventQueue-0] INFO  com.config.tool.mainScreen.MainScreenUI - Showing wait prompt: Operation in progress...
13:59:34.382 [Thread-3] INFO  com.config.tool.mainScreen.MainScreenUI - Displaying PDF...
14:01:23.627 [main] INFO  com.config.tool.AppMain - Application started.
14:01:33.677 [AWT-EventQueue-0] INFO  com.config.tool.login.LoginPresenter - Attempting login for username: admin
14:01:33.678 [AWT-EventQueue-0] INFO  com.config.tool.login.LoginPresenter - Login successful for username: admin
14:01:33.679 [AWT-EventQueue-0] INFO  com.config.tool.login.LoginScreenUI - Showing main menu screen
14:01:36.836 [AWT-EventQueue-0] INFO  com.config.tool.mainScreen.MainScreenUI - Button clicked: Transaction Replication
14:01:36.836 [AWT-EventQueue-0] INFO  com.config.tool.mainScreen.MainScreenUI - Showing wait prompt: Operation in progress...
14:01:38.346 [Thread-0] INFO  com.config.tool.mainScreen.MainScreenUI - Trans replication utility executed successfully
14:04:13.836 [main] INFO  com.config.tool.AppMain - Application started.
14:04:21.919 [AWT-EventQueue-0] INFO  com.config.tool.login.LoginPresenter - Attempting login for username: admin
14:04:21.920 [AWT-EventQueue-0] INFO  com.config.tool.login.LoginPresenter - Login successful for username: admin
14:04:21.921 [AWT-EventQueue-0] INFO  com.config.tool.login.LoginScreenUI - Showing main menu screen
14:04:26.100 [AWT-EventQueue-0] INFO  com.config.tool.mainScreen.MainScreenUI - Button clicked: Transaction Replication
14:04:26.100 [AWT-EventQueue-0] INFO  com.config.tool.mainScreen.MainScreenUI - Showing wait prompt: Operation in progress...
14:04:27.527 [Thread-0] INFO  com.config.tool.mainScreen.MainScreenUI - Trans replication utility executed successfully
14:05:16.402 [AWT-EventQueue-0] INFO  com.config.tool.mainScreen.MainScreenUI - Button clicked: Xstore Restart
14:05:16.402 [AWT-EventQueue-0] INFO  com.config.tool.mainScreen.MainScreenUI - Showing wait prompt: Operation in progress...
14:05:16.431 [Thread-1] INFO  com.config.tool.mainScreen.MainScreenUI - Restarting Xstore...
14:06:49.368 [AWT-EventQueue-0] INFO  com.config.tool.mainScreen.MainScreenUI - Button clicked: Transaction Replication
14:06:49.368 [AWT-EventQueue-0] INFO  com.config.tool.mainScreen.MainScreenUI - Showing wait prompt: Operation in progress...
14:06:50.933 [Thread-2] INFO  com.config.tool.mainScreen.MainScreenUI - Trans replication utility executed successfully
14:07:47.094 [AWT-EventQueue-0] INFO  com.config.tool.mainScreen.MainScreenUI - Button clicked: Xstore Config Manager
14:07:47.095 [AWT-EventQueue-0] INFO  com.config.tool.mainScreen.MainScreenUI - Showing wait prompt: Operation in progress...
14:07:47.117 [Thread-3] INFO  com.config.tool.mainScreen.MainScreenUI - Launching the configuration wizard
14:07:47.324 [Thread-3] ERROR com.config.tool.mainScreen.MainScreenUI - Error launching the configuration wizard: null
java.lang.NullPointerException: null
	at com.config.tool.properties.PropertiesFileReader.readPropEntities(PropertiesFileReader.java:35) ~[main/:?]
	at com.config.tool.propertiesconfig.ConfigPresenter.initProperties(ConfigPresenter.java:19) ~[main/:?]
	at com.config.tool.propertiesconfig.PropertiesConfigUI.<init>(PropertiesConfigUI.java:116) ~[main/:?]
	at com.config.tool.mainScreen.MainScreenUI.launchConfigWizard(MainScreenUI.java:224) ~[main/:?]
	at com.config.tool.mainScreen.MainScreenUI.lambda$createButton$2(MainScreenUI.java:126) ~[main/:?]
	at java.lang.Thread.run(Thread.java:834) [?:?]
14:26:07.570 [AWT-EventQueue-0] INFO  com.config.tool.mainScreen.MainScreenUI - Button clicked: Logout
14:26:07.571 [AWT-EventQueue-0] INFO  com.config.tool.mainScreen.MainScreenUI - Showing wait prompt: Operation in progress...
14:26:07.590 [Thread-4] INFO  com.config.tool.mainScreen.MainScreenUI - Logging out from the main screen
10:03:54.439 [main] INFO  com.config.tool.AppMain - Application started.
10:04:03.756 [AWT-EventQueue-0] INFO  com.config.tool.login.LoginPresenter - Attempting login for username: admin
10:04:03.756 [AWT-EventQueue-0] INFO  com.config.tool.login.LoginPresenter - Login successful for username: admin
10:04:03.756 [AWT-EventQueue-0] INFO  com.config.tool.login.LoginScreenUI - Showing main menu screen
10:04:06.915 [AWT-EventQueue-0] INFO  com.config.tool.mainScreen.MainScreenUI - Button clicked: Xenv Restart
10:04:06.915 [AWT-EventQueue-0] INFO  com.config.tool.mainScreen.MainScreenUI - Showing wait prompt: Operation in progress...
10:04:06.933 [Thread-0] INFO  com.config.tool.mainScreen.MainScreenUI - Restarting XstoreMobile...
10:04:16.933 [Thread-0] INFO  com.config.tool.mainScreen.MainScreenUI - xstore anchor file deleted...
10:04:16.933 [Thread-0] ERROR com.config.tool.mainScreen.MainScreenUI - Error restarting Xenv: Illegal char <:> at index 29: C:/xenv/tmp/xenv_eng.anchor\C:/xenv/tmp/xenv_ui.anchor
10:06:34.403 [AWT-EventQueue-0] INFO  com.config.tool.mainScreen.MainScreenUI - Button clicked: XMobile Restart
10:06:34.403 [AWT-EventQueue-0] INFO  com.config.tool.mainScreen.MainScreenUI - Showing wait prompt: Operation in progress...
10:06:34.426 [Thread-1] INFO  com.config.tool.mainScreen.MainScreenUI - Restarting XstoreMobile...
10:06:34.431 [AWT-EventQueue-0] INFO  com.config.tool.mainScreen.MainScreenUI - Button clicked: XMobile Restart
10:06:34.431 [AWT-EventQueue-0] INFO  com.config.tool.mainScreen.MainScreenUI - Showing wait prompt: Operation in progress...
10:06:34.447 [Thread-2] INFO  com.config.tool.mainScreen.MainScreenUI - Restarting XstoreMobile...
10:06:34.915 [AWT-EventQueue-0] INFO  com.config.tool.mainScreen.MainScreenUI - Button clicked: XMobile Restart
10:06:34.916 [AWT-EventQueue-0] INFO  com.config.tool.mainScreen.MainScreenUI - Showing wait prompt: Operation in progress...
10:06:34.931 [Thread-3] INFO  com.config.tool.mainScreen.MainScreenUI - Restarting XstoreMobile...
10:08:23.856 [AWT-EventQueue-0] INFO  com.config.tool.mainScreen.MainScreenUI - Button clicked: Delete Marker Files
10:08:23.856 [AWT-EventQueue-0] INFO  com.config.tool.mainScreen.MainScreenUI - Showing wait prompt: Operation in progress...
10:08:23.872 [Thread-4] INFO  com.config.tool.mainScreen.MainScreenUI - Deleting Marker Files...
14:18:23.214 [main] INFO  com.config.tool.AppMain - Application started.
14:18:34.179 [AWT-EventQueue-0] INFO  com.config.tool.login.LoginPresenter - Attempting login for username: admin
14:18:34.180 [AWT-EventQueue-0] INFO  com.config.tool.login.LoginPresenter - Login successful for username: admin
14:18:34.180 [AWT-EventQueue-0] INFO  com.config.tool.login.LoginScreenUI - Showing main menu screen
14:18:53.066 [AWT-EventQueue-0] INFO  com.config.tool.mainScreen.MainScreenUI - Button clicked: Xenv Restart
14:18:53.067 [AWT-EventQueue-0] INFO  com.config.tool.mainScreen.MainScreenUI - Showing wait prompt: Operation in progress...
14:18:53.102 [Thread-0] INFO  com.config.tool.mainScreen.MainScreenUI - Restarting XstoreMobile...
14:19:03.114 [Thread-0] INFO  com.config.tool.mainScreen.MainScreenUI - xstore anchor file deleted...
14:19:03.116 [Thread-0] ERROR com.config.tool.mainScreen.MainScreenUI - Error restarting Xenv: Illegal char <:> at index 29: C:/xenv/tmp/xenv_eng.anchor\C:/xenv/tmp/xenv_ui.anchor
14:41:06.427 [main] INFO  com.config.tool.AppMain - Application started.
14:41:19.270 [AWT-EventQueue-0] INFO  com.config.tool.login.LoginPresenter - Attempting login for username: admin
14:41:19.276 [AWT-EventQueue-0] INFO  com.config.tool.login.LoginPresenter - Login successful for username: admin
14:41:19.276 [AWT-EventQueue-0] INFO  com.config.tool.login.LoginScreenUI - Showing main menu screen
14:41:58.313 [AWT-EventQueue-0] INFO  com.config.tool.mainScreen.MainScreenUI - Button clicked: Delete Marker Files
14:41:58.313 [AWT-EventQueue-0] INFO  com.config.tool.mainScreen.MainScreenUI - Showing wait prompt: Operation in progress...
14:41:58.326 [Thread-0] INFO  com.config.tool.mainScreen.MainScreenUI - Deleting Marker Files...
14:41:58.328 [Thread-0] INFO  com.config.tool.mainScreen.MainScreenUI - Showing error marker file deleted confirmation
14:42:27.810 [AWT-EventQueue-0] INFO  com.config.tool.mainScreen.MainScreenUI - Button clicked: Check Connectivity
14:42:27.810 [AWT-EventQueue-0] INFO  com.config.tool.mainScreen.MainScreenUI - Showing wait prompt: Operation in progress...
14:42:27.828 [Thread-1] INFO  com.config.tool.mainScreen.MainScreenUI - Checking Connectivity...
14:42:27.842 [Thread-1] INFO  com.config.tool.mainScreen.MainScreenUI - Displaying internet connectivity status: connected
14:42:35.969 [AWT-EventQueue-0] INFO  com.config.tool.mainScreen.MainScreenUI - Button clicked: Check Orphan Trans
14:42:35.969 [AWT-EventQueue-0] INFO  com.config.tool.mainScreen.MainScreenUI - Showing wait prompt: Operation in progress...
14:42:35.986 [Thread-2] INFO  com.config.tool.mainScreen.MainScreenUI - Checking Orphan Transactions...
14:42:35.987 [Thread-2] INFO  com.config.tool.mainScreen.MainScreenUI - Checking for orphan transactions: not present
14:42:40.965 [AWT-EventQueue-0] INFO  com.config.tool.mainScreen.MainScreenUI - Button clicked: Xstore Config Manager
14:42:40.965 [AWT-EventQueue-0] INFO  com.config.tool.mainScreen.MainScreenUI - Showing wait prompt: Operation in progress...
14:42:40.981 [Thread-3] INFO  com.config.tool.mainScreen.MainScreenUI - Launching the configuration wizard
14:42:41.111 [Thread-3] ERROR com.config.tool.mainScreen.MainScreenUI - Error launching the configuration wizard: null
java.lang.NullPointerException: null
	at com.config.tool.properties.PropertiesFileReader.readPropEntities(PropertiesFileReader.java:35) ~[main/:?]
	at com.config.tool.propertiesconfig.ConfigPresenter.initProperties(ConfigPresenter.java:19) ~[main/:?]
	at com.config.tool.propertiesconfig.PropertiesConfigUI.<init>(PropertiesConfigUI.java:116) ~[main/:?]
	at com.config.tool.mainScreen.MainScreenUI.launchConfigWizard(MainScreenUI.java:239) ~[main/:?]
	at com.config.tool.mainScreen.MainScreenUI.lambda$createButton$2(MainScreenUI.java:116) ~[main/:?]
	at java.lang.Thread.run(Thread.java:834) [?:?]
14:42:51.258 [AWT-EventQueue-0] INFO  com.config.tool.mainScreen.MainScreenUI - Button clicked: Transaction Replication
14:42:51.258 [AWT-EventQueue-0] INFO  com.config.tool.mainScreen.MainScreenUI - Showing wait prompt: Operation in progress...
14:42:51.853 [Thread-4] INFO  com.config.tool.mainScreen.MainScreenUI - Trans replication utility executed successfully
14:45:39.691 [AWT-EventQueue-0] INFO  com.config.tool.mainScreen.MainScreenUI - Button clicked: Xstore User Guide
14:45:39.691 [AWT-EventQueue-0] INFO  com.config.tool.mainScreen.MainScreenUI - Showing wait prompt: Operation in progress...
14:45:39.711 [Thread-5] INFO  com.config.tool.mainScreen.MainScreenUI - Displaying PDF...
14:46:30.819 [main] INFO  com.config.tool.AppMain - Application started.
14:46:39.341 [AWT-EventQueue-0] INFO  com.config.tool.login.LoginPresenter - Attempting login for username: admin
14:46:39.341 [AWT-EventQueue-0] INFO  com.config.tool.login.LoginPresenter - Login successful for username: admin
14:46:39.341 [AWT-EventQueue-0] INFO  com.config.tool.login.LoginScreenUI - Showing main menu screen
14:46:41.720 [AWT-EventQueue-0] INFO  com.config.tool.mainScreen.MainScreenUI - Button clicked: Xstore User Guide
14:46:41.720 [AWT-EventQueue-0] INFO  com.config.tool.mainScreen.MainScreenUI - Showing wait prompt: Operation in progress...
14:46:41.742 [Thread-0] INFO  com.config.tool.mainScreen.MainScreenUI - Displaying PDF...
14:47:24.344 [main] INFO  com.config.tool.AppMain - Application started.
14:48:09.935 [AWT-EventQueue-0] INFO  com.config.tool.login.LoginPresenter - Attempting login for username: admin
14:48:09.935 [AWT-EventQueue-0] INFO  com.config.tool.login.LoginPresenter - Login successful for username: admin
14:48:09.935 [AWT-EventQueue-0] INFO  com.config.tool.login.LoginScreenUI - Showing main menu screen
14:48:33.591 [AWT-EventQueue-0] INFO  com.config.tool.mainScreen.MainScreenUI - Button clicked: Xstore Restart
14:48:33.591 [AWT-EventQueue-0] INFO  com.config.tool.mainScreen.MainScreenUI - Showing wait prompt: Operation in progress...
14:48:33.614 [Thread-0] INFO  com.config.tool.mainScreen.MainScreenUI - Restarting Xstore...
14:49:26.699 [AWT-EventQueue-0] INFO  com.config.tool.mainScreen.MainScreenUI - Button clicked: Xenv Restart
14:49:26.699 [AWT-EventQueue-0] INFO  com.config.tool.mainScreen.MainScreenUI - Showing wait prompt: Operation in progress...
14:49:26.719 [Thread-1] INFO  com.config.tool.mainScreen.MainScreenUI - Restarting XstoreMobile...
14:49:36.735 [Thread-1] INFO  com.config.tool.mainScreen.MainScreenUI - xstore anchor file deleted...
14:49:36.744 [Thread-1] ERROR com.config.tool.mainScreen.MainScreenUI - Error restarting Xenv: Illegal char <:> at index 29: C:/xenv/tmp/xenv_eng.anchor\C:/xenv/tmp/xenv_ui.anchor
14:55:49.414 [main] INFO  com.config.tool.AppMain - Application started.
14:55:59.402 [AWT-EventQueue-0] INFO  com.config.tool.login.LoginPresenter - Attempting login for username: admin
14:55:59.402 [AWT-EventQueue-0] INFO  com.config.tool.login.LoginPresenter - Login successful for username: admin
14:55:59.403 [AWT-EventQueue-0] INFO  com.config.tool.login.LoginScreenUI - Showing main menu screen
14:56:02.786 [AWT-EventQueue-0] INFO  com.config.tool.mainScreen.MainScreenUI - Button clicked: Xenv Restart
14:56:02.787 [AWT-EventQueue-0] INFO  com.config.tool.mainScreen.MainScreenUI - Showing wait prompt: Operation in progress...
14:56:02.836 [Thread-0] INFO  com.config.tool.mainScreen.MainScreenUI - Restarting XstoreMobile...
14:56:12.841 [Thread-0] INFO  com.config.tool.mainScreen.MainScreenUI - xstore anchor file deleted...
14:56:12.843 [Thread-0] ERROR com.config.tool.mainScreen.MainScreenUI - Error restarting Xenv: Illegal char <:> at index 36: C:/environment/tmp/xenv_eng.anchor\C:/environment/tmp/xenv_ui.anchor
16:08:31.060 [main] INFO  com.config.tool.AppMain - Application started.
16:08:41.322 [AWT-EventQueue-0] INFO  com.config.tool.login.LoginPresenter - Attempting login for username: admin
16:08:41.322 [AWT-EventQueue-0] INFO  com.config.tool.login.LoginPresenter - Login successful for username: admin
16:08:41.322 [AWT-EventQueue-0] INFO  com.config.tool.login.LoginScreenUI - Showing main menu screen
16:08:44.606 [AWT-EventQueue-0] INFO  com.config.tool.mainScreen.MainScreenUI - Button clicked: Xenv Restart
16:08:44.606 [AWT-EventQueue-0] INFO  com.config.tool.mainScreen.MainScreenUI - Showing wait prompt: Operation in progress...
16:08:44.623 [Thread-0] INFO  com.config.tool.mainScreen.MainScreenUI - Restarting XstoreMobile...
16:08:54.635 [Thread-0] INFO  com.config.tool.mainScreen.MainScreenUI - xstore anchor file deleted...
16:08:54.636 [Thread-0] ERROR com.config.tool.mainScreen.MainScreenUI - Error restarting Xenv: Illegal char <:> at index 36: C:/environment/tmp/xenv_eng.anchor\C:/environment/tmp/xenv_ui.anchor
16:16:22.988 [main] INFO  com.config.tool.AppMain - Application started.
16:16:31.309 [AWT-EventQueue-0] INFO  com.config.tool.login.LoginPresenter - Attempting login for username: admin
16:16:31.309 [AWT-EventQueue-0] INFO  com.config.tool.login.LoginPresenter - Login successful for username: admin
16:16:31.309 [AWT-EventQueue-0] INFO  com.config.tool.login.LoginScreenUI - Showing main menu screen
16:16:35.211 [AWT-EventQueue-0] INFO  com.config.tool.mainScreen.MainScreenUI - Button clicked: Xenv Restart
16:16:35.211 [AWT-EventQueue-0] INFO  com.config.tool.mainScreen.MainScreenUI - Showing wait prompt: Operation in progress...
16:16:35.235 [Thread-0] INFO  com.config.tool.mainScreen.MainScreenUI - Restarting Xenv...
16:16:45.242 [Thread-0] INFO  com.config.tool.mainScreen.MainScreenUI - xstore anchor file deleted...
16:16:45.244 [Thread-0] ERROR com.config.tool.mainScreen.MainScreenUI - Error restarting Xenv: Illegal char <:> at index 36: C:/environment/tmp/xenv_eng.anchor\C:/environment/tmp/xenv_ui.anchor
16:20:07.546 [main] INFO  com.config.tool.AppMain - Application started.
16:20:14.860 [AWT-EventQueue-0] INFO  com.config.tool.login.LoginPresenter - Attempting login for username: admin
16:20:14.862 [AWT-EventQueue-0] INFO  com.config.tool.login.LoginPresenter - Login successful for username: admin
16:20:14.862 [AWT-EventQueue-0] INFO  com.config.tool.login.LoginScreenUI - Showing main menu screen
16:20:17.437 [AWT-EventQueue-0] INFO  com.config.tool.mainScreen.MainScreenUI - Button clicked: Xenv Restart
16:20:17.437 [AWT-EventQueue-0] INFO  com.config.tool.mainScreen.MainScreenUI - Showing wait prompt: Operation in progress...
16:20:17.465 [Thread-0] INFO  com.config.tool.mainScreen.MainScreenUI - Restarting Xenv...
16:20:27.472 [Thread-0] INFO  com.config.tool.mainScreen.MainScreenUI - xstore anchor file deleted...
16:20:37.485 [Thread-0] INFO  com.config.tool.mainScreen.MainScreenUI - xenv anchor file deleted...
17:00:57.518 [main] INFO  com.config.tool.AppMain - Application started.
17:05:47.168 [AWT-EventQueue-0] INFO  com.config.tool.login.LoginPresenter - Attempting login for username: admin
17:05:47.169 [AWT-EventQueue-0] INFO  com.config.tool.login.LoginPresenter - Login successful for username: admin
17:05:47.169 [AWT-EventQueue-0] INFO  com.config.tool.login.LoginScreenUI - Showing main menu screen
17:07:38.069 [AWT-EventQueue-0] INFO  com.config.tool.mainScreen.MainScreenUI - Button clicked: Check Connectivity
17:07:38.071 [AWT-EventQueue-0] INFO  com.config.tool.mainScreen.MainScreenUI - Showing wait prompt: Operation in progress...
17:07:38.093 [Thread-0] INFO  com.config.tool.mainScreen.MainScreenUI - Checking Connectivity...
17:07:38.110 [Thread-0] INFO  com.config.tool.mainScreen.MainScreenUI - Displaying internet connectivity status: connected
17:07:59.065 [AWT-EventQueue-0] INFO  com.config.tool.mainScreen.MainScreenUI - Button clicked: Check Orphan Trans
17:07:59.066 [AWT-EventQueue-0] INFO  com.config.tool.mainScreen.MainScreenUI - Showing wait prompt: Operation in progress...
17:07:59.088 [Thread-1] INFO  com.config.tool.mainScreen.MainScreenUI - Checking Orphan Transactions...
17:07:59.103 [Thread-1] INFO  com.config.tool.mainScreen.MainScreenUI - Checking for orphan transactions: not present
17:08:22.961 [AWT-EventQueue-0] INFO  com.config.tool.mainScreen.MainScreenUI - Button clicked: Xstore Config Manager
17:08:22.962 [AWT-EventQueue-0] INFO  com.config.tool.mainScreen.MainScreenUI - Showing wait prompt: Operation in progress...
17:08:22.981 [Thread-2] INFO  com.config.tool.mainScreen.MainScreenUI - Launching the configuration wizard
17:08:23.258 [Thread-2] ERROR com.config.tool.mainScreen.MainScreenUI - Error launching the configuration wizard: null
java.lang.NullPointerException: null
	at com.config.tool.properties.PropertiesFileReader.readPropEntities(PropertiesFileReader.java:35) ~[main/:?]
	at com.config.tool.propertiesconfig.ConfigPresenter.initProperties(ConfigPresenter.java:19) ~[main/:?]
	at com.config.tool.propertiesconfig.PropertiesConfigUI.<init>(PropertiesConfigUI.java:116) ~[main/:?]
	at com.config.tool.mainScreen.MainScreenUI.launchConfigWizard(MainScreenUI.java:239) ~[main/:?]
	at com.config.tool.mainScreen.MainScreenUI.lambda$createButton$2(MainScreenUI.java:116) ~[main/:?]
	at java.lang.Thread.run(Thread.java:834) [?:?]
17:09:16.409 [AWT-EventQueue-0] INFO  com.config.tool.mainScreen.MainScreenUI - Button clicked: Transaction Replication
17:09:16.410 [AWT-EventQueue-0] INFO  com.config.tool.mainScreen.MainScreenUI - Showing wait prompt: Operation in progress...
17:09:17.432 [Thread-3] INFO  com.config.tool.mainScreen.MainScreenUI - Trans replication utility executed successfully
17:14:19.690 [AWT-EventQueue-0] INFO  com.config.tool.mainScreen.MainScreenUI - Button clicked: Delete Marker Files
17:14:19.690 [AWT-EventQueue-0] INFO  com.config.tool.mainScreen.MainScreenUI - Showing wait prompt: Operation in progress...
17:14:19.713 [Thread-4] INFO  com.config.tool.mainScreen.MainScreenUI - Deleting Marker Files...
17:14:19.716 [Thread-4] INFO  com.config.tool.mainScreen.MainScreenUI - Showing error marker file deleted confirmation
17:15:23.257 [AWT-EventQueue-0] INFO  com.config.tool.mainScreen.MainScreenUI - Button clicked: Patch Manager
17:15:23.257 [AWT-EventQueue-0] INFO  com.config.tool.mainScreen.MainScreenUI - Showing wait prompt: Operation in progress...
17:17:25.470 [AWT-EventQueue-0] INFO  com.config.tool.mainScreen.MainScreenUI - Button clicked: Run Data Loader
17:17:25.470 [AWT-EventQueue-0] INFO  com.config.tool.mainScreen.MainScreenUI - Showing wait prompt: Operation in progress...
17:17:25.491 [Thread-6] INFO  com.config.tool.mainScreen.MainScreenUI - Running Data Loader...
17:17:26.294 [Thread-6] INFO  com.config.tool.mainScreen.MainScreenUI - Data loader executed successfully
17:19:29.891 [AWT-EventQueue-0] INFO  com.config.tool.mainScreen.MainScreenUI - Button clicked: XMobile Restart
17:19:29.891 [AWT-EventQueue-0] INFO  com.config.tool.mainScreen.MainScreenUI - Showing wait prompt: Operation in progress...
17:19:29.925 [Thread-7] INFO  com.config.tool.mainScreen.MainScreenUI - Restarting XstoreMobile...
17:24:03.260 [AWT-EventQueue-0] INFO  com.config.tool.mainScreen.MainScreenUI - Button clicked: XMobile Restart
17:24:03.260 [AWT-EventQueue-0] INFO  com.config.tool.mainScreen.MainScreenUI - Showing wait prompt: Operation in progress...
17:24:03.278 [Thread-8] INFO  com.config.tool.mainScreen.MainScreenUI - Restarting XstoreMobile...
17:36:31.273 [AWT-EventQueue-0] INFO  com.config.tool.mainScreen.MainScreenUI - Button clicked: Xstore Restart
17:36:31.273 [AWT-EventQueue-0] INFO  com.config.tool.mainScreen.MainScreenUI - Showing wait prompt: Operation in progress...
17:36:31.292 [Thread-9] INFO  com.config.tool.mainScreen.MainScreenUI - Restarting Xstore...
17:37:57.490 [AWT-EventQueue-0] INFO  com.config.tool.mainScreen.MainScreenUI - Button clicked: Xenv Restart
17:37:57.490 [AWT-EventQueue-0] INFO  com.config.tool.mainScreen.MainScreenUI - Showing wait prompt: Operation in progress...
17:37:57.513 [Thread-10] INFO  com.config.tool.mainScreen.MainScreenUI - Restarting Xenv...
17:38:07.527 [Thread-10] INFO  com.config.tool.mainScreen.MainScreenUI - xstore anchor file deleted...
17:38:17.536 [Thread-10] INFO  com.config.tool.mainScreen.MainScreenUI - xenv anchor file deleted...
17:40:35.619 [AWT-EventQueue-0] INFO  com.config.tool.mainScreen.MainScreenUI - Button clicked: Xstore User Guide
17:40:35.619 [AWT-EventQueue-0] INFO  com.config.tool.mainScreen.MainScreenUI - Showing wait prompt: Operation in progress...
17:40:35.639 [Thread-11] INFO  com.config.tool.mainScreen.MainScreenUI - Displaying PDF...
17:50:44.752 [AWT-EventQueue-0] INFO  com.config.tool.mainScreen.MainScreenUI - Button clicked: Logout
17:50:44.754 [AWT-EventQueue-0] INFO  com.config.tool.mainScreen.MainScreenUI - Showing wait prompt: Operation in progress...
17:50:44.768 [Thread-16] INFO  com.config.tool.mainScreen.MainScreenUI - Logging out from the main screen
18:08:33.446 [main] INFO  com.config.tool.AppMain - Application started.
18:08:42.554 [AWT-EventQueue-0] INFO  com.config.tool.login.LoginPresenter - Attempting login for username: admin
18:08:42.555 [AWT-EventQueue-0] INFO  com.config.tool.login.LoginPresenter - Login successful for username: admin
18:08:42.555 [AWT-EventQueue-0] INFO  com.config.tool.login.LoginScreenUI - Showing main menu screen
18:09:11.464 [AWT-EventQueue-0] INFO  com.config.tool.mainScreen.MainScreenUI - Button clicked: Patch Manager
18:09:11.464 [AWT-EventQueue-0] INFO  com.config.tool.mainScreen.MainScreenUI - Showing wait prompt: Operation in progress...
17:22:43.438 [main] INFO  com.config.tool.AppMain - Application started.
17:22:54.626 [AWT-EventQueue-0] INFO  com.config.tool.login.LoginPresenter - Attempting login for username: admin
17:22:54.626 [AWT-EventQueue-0] INFO  com.config.tool.login.LoginPresenter - Login successful for username: admin
17:22:54.628 [AWT-EventQueue-0] INFO  com.config.tool.login.LoginScreenUI - Showing main menu screen
17:23:22.343 [AWT-EventQueue-0] INFO  com.config.tool.mainScreen.MainScreenUI - Button clicked: Delete Marker Files
17:23:22.344 [AWT-EventQueue-0] INFO  com.config.tool.mainScreen.MainScreenUI - Showing wait prompt: Operation in progress...
17:23:22.378 [Thread-0] INFO  com.config.tool.mainScreen.MainScreenUI - Deleting Marker Files...
17:23:22.381 [Thread-0] INFO  com.config.tool.mainScreen.MainScreenUI - Showing error marker file deleted confirmation
17:23:28.305 [AWT-EventQueue-0] INFO  com.config.tool.mainScreen.MainScreenUI - Button clicked: Xstore User Guide
17:23:28.305 [AWT-EventQueue-0] INFO  com.config.tool.mainScreen.MainScreenUI - Showing wait prompt: Operation in progress...
17:23:28.332 [Thread-1] INFO  com.config.tool.mainScreen.MainScreenUI - Displaying PDF...
17:25:18.492 [AWT-EventQueue-0] INFO  com.config.tool.mainScreen.MainScreenUI - Button clicked: XMobile Restart
17:25:18.493 [AWT-EventQueue-0] INFO  com.config.tool.mainScreen.MainScreenUI - Showing wait prompt: Operation in progress...
17:25:18.517 [Thread-5] INFO  com.config.tool.mainScreen.MainScreenUI - Restarting XstoreMobile...
13:36:07.760 [main] INFO  com.config.tool.AppMain - Application started.
13:36:22.359 [AWT-EventQueue-0] INFO  com.config.tool.login.LoginPresenter - Attempting login for username: admin
13:36:22.359 [AWT-EventQueue-0] INFO  com.config.tool.login.LoginPresenter - Login successful for username: admin
13:36:22.359 [AWT-EventQueue-0] INFO  com.config.tool.login.LoginScreenUI - Showing main menu screen
13:36:34.937 [AWT-EventQueue-0] INFO  com.config.tool.mainScreen.MainScreenUI - Button clicked: Logout
13:36:34.937 [AWT-EventQueue-0] INFO  com.config.tool.mainScreen.MainScreenUI - Showing wait prompt: Operation in progress...
13:36:34.953 [Thread-0] INFO  com.config.tool.mainScreen.MainScreenUI - Logging out from the main screen
14:52:25.875 [main] INFO  com.config.tool.AppMain - Application started.
14:52:34.395 [AWT-EventQueue-0] INFO  com.config.tool.login.LoginPresenter - Attempting login for username: admin
14:52:34.395 [AWT-EventQueue-0] INFO  com.config.tool.login.LoginPresenter - Login successful for username: admin
14:52:34.395 [AWT-EventQueue-0] INFO  com.config.tool.login.LoginScreenUI - Showing main menu screen
14:52:39.691 [AWT-EventQueue-0] INFO  com.config.tool.mainScreen.MainScreenUI - Button clicked: TMP Privileges
14:52:39.691 [AWT-EventQueue-0] INFO  com.config.tool.mainScreen.MainScreenUI - Showing wait prompt: Operation in progress...
14:52:39.722 [Thread-0] INFO  com.config.tool.mainScreen.MainScreenUI - Handling TMP Privileges...
14:53:41.744 [AWT-EventQueue-0] INFO  com.config.tool.mainScreen.MainScreenUI - Button clicked: Logout
14:53:41.744 [AWT-EventQueue-0] INFO  com.config.tool.mainScreen.MainScreenUI - Showing wait prompt: Operation in progress...
14:53:41.798 [Thread-1] INFO  com.config.tool.mainScreen.MainScreenUI - Logging out from the main screen
14:56:13.708 [main] INFO  com.config.tool.AppMain - Application started.
14:56:21.840 [AWT-EventQueue-0] INFO  com.config.tool.login.LoginPresenter - Attempting login for username: admin
14:56:21.840 [AWT-EventQueue-0] INFO  com.config.tool.login.LoginPresenter - Login successful for username: admin
14:56:21.840 [AWT-EventQueue-0] INFO  com.config.tool.login.LoginScreenUI - Showing main menu screen
14:56:26.928 [AWT-EventQueue-0] INFO  com.config.tool.mainScreen.MainScreenUI - Button clicked: TMP Privileges
14:56:26.928 [AWT-EventQueue-0] INFO  com.config.tool.mainScreen.MainScreenUI - Showing wait prompt: Operation in progress...
14:56:26.959 [Thread-0] INFO  com.config.tool.mainScreen.MainScreenUI - Handling TMP Privileges...
14:56:30.618 [AWT-EventQueue-0] INFO  com.config.tool.mainScreen.MainScreenUI - Button clicked: TMP Privileges
14:56:30.618 [AWT-EventQueue-0] INFO  com.config.tool.mainScreen.MainScreenUI - Showing wait prompt: Operation in progress...
14:56:30.650 [Thread-1] INFO  com.config.tool.mainScreen.MainScreenUI - Handling TMP Privileges...
14:56:34.518 [AWT-EventQueue-0] INFO  com.config.tool.mainScreen.MainScreenUI - Button clicked: TMP Privileges
14:56:34.518 [AWT-EventQueue-0] INFO  com.config.tool.mainScreen.MainScreenUI - Showing wait prompt: Operation in progress...
14:56:34.534 [Thread-2] INFO  com.config.tool.mainScreen.MainScreenUI - Handling TMP Privileges...
14:56:47.557 [AWT-EventQueue-0] INFO  com.config.tool.mainScreen.MainScreenUI - Button clicked: Logout
14:56:47.557 [AWT-EventQueue-0] INFO  com.config.tool.mainScreen.MainScreenUI - Showing wait prompt: Operation in progress...
14:56:47.557 [Thread-3] INFO  com.config.tool.mainScreen.MainScreenUI - Logging out from the main screen
15:05:52.538 [main] INFO  com.config.tool.AppMain - Application started.
15:06:03.916 [AWT-EventQueue-0] INFO  com.config.tool.login.LoginPresenter - Attempting login for username: admin
15:06:03.916 [AWT-EventQueue-0] INFO  com.config.tool.login.LoginPresenter - Login successful for username: admin
15:06:03.916 [AWT-EventQueue-0] INFO  com.config.tool.login.LoginScreenUI - Showing main menu screen
15:06:07.069 [AWT-EventQueue-0] INFO  com.config.tool.mainScreen.MainScreenUI - Button clicked: TMP Privileges
15:06:07.069 [AWT-EventQueue-0] INFO  com.config.tool.mainScreen.MainScreenUI - Showing wait prompt: Operation in progress...
15:06:07.116 [Thread-0] INFO  com.config.tool.mainScreen.MainScreenUI - Handling TMP Privileges...
15:07:03.801 [AWT-EventQueue-0] INFO  com.config.tool.mainScreen.MainScreenUI - Button clicked: Logout
15:07:03.801 [AWT-EventQueue-0] INFO  com.config.tool.mainScreen.MainScreenUI - Showing wait prompt: Operation in progress...
15:07:03.816 [Thread-1] INFO  com.config.tool.mainScreen.MainScreenUI - Logging out from the main screen
15:24:03.817 [main] INFO  com.config.tool.AppMain - Application started.
15:24:11.831 [AWT-EventQueue-0] INFO  com.config.tool.login.LoginPresenter - Attempting login for username: admin
15:24:11.834 [AWT-EventQueue-0] INFO  com.config.tool.login.LoginPresenter - Login successful for username: admin
15:24:11.835 [AWT-EventQueue-0] INFO  com.config.tool.login.LoginScreenUI - Showing main menu screen
15:24:14.091 [AWT-EventQueue-0] INFO  com.config.tool.mainScreen.MainScreenUI - Button clicked: TMP Privileges
15:24:14.091 [AWT-EventQueue-0] INFO  com.config.tool.mainScreen.MainScreenUI - Showing wait prompt: Operation in progress...
15:24:14.107 [Thread-0] INFO  com.config.tool.mainScreen.MainScreenUI - Handling TMP Privileges...
15:24:19.146 [Thread-0] INFO  com.config.tool.mainScreen.MainScreenUI - Employee ID entered: 
15:24:23.203 [AWT-EventQueue-0] INFO  com.config.tool.mainScreen.MainScreenUI - Button clicked: TMP Privileges
15:24:23.203 [AWT-EventQueue-0] INFO  com.config.tool.mainScreen.MainScreenUI - Showing wait prompt: Operation in progress...
15:24:23.234 [Thread-1] INFO  com.config.tool.mainScreen.MainScreenUI - Handling TMP Privileges...
15:24:25.145 [Thread-1] INFO  com.config.tool.mainScreen.MainScreenUI - TMP Privileges action cancelled by the user.
15:35:03.530 [AWT-EventQueue-0] INFO  com.config.tool.mainScreen.MainScreenUI - Button clicked: TMP Privileges
15:35:03.530 [AWT-EventQueue-0] INFO  com.config.tool.mainScreen.MainScreenUI - Showing wait prompt: Operation in progress...
15:35:03.545 [Thread-2] INFO  com.config.tool.mainScreen.MainScreenUI - Handling TMP Privileges...
15:35:09.762 [Thread-2] INFO  com.config.tool.mainScreen.MainScreenUI - Employee ID entered: 1111
15:35:27.550 [AWT-EventQueue-0] INFO  com.config.tool.mainScreen.MainScreenUI - Button clicked: Logout
15:35:27.550 [AWT-EventQueue-0] INFO  com.config.tool.mainScreen.MainScreenUI - Showing wait prompt: Operation in progress...
15:35:27.598 [Thread-3] INFO  com.config.tool.mainScreen.MainScreenUI - Logging out from the main screen
16:06:50.885 [main] INFO  com.config.tool.AppMain - Application started.
16:07:04.665 [AWT-EventQueue-0] INFO  com.config.tool.login.LoginPresenter - Attempting login for username: admin
16:07:04.669 [AWT-EventQueue-0] INFO  com.config.tool.login.LoginPresenter - Login successful for username: admin
16:07:04.670 [AWT-EventQueue-0] INFO  com.config.tool.login.LoginScreenUI - Showing main menu screen
16:07:07.891 [AWT-EventQueue-0] INFO  com.config.tool.mainScreen.MainScreenUI - Button clicked: Add TMP Privileges
16:07:07.891 [AWT-EventQueue-0] INFO  com.config.tool.mainScreen.MainScreenUI - Showing wait prompt: Operation in progress...
16:07:07.984 [Thread-0] INFO  com.config.tool.mainScreen.MainScreenUI - Handling TMP Privileges...
16:07:21.155 [Thread-0] INFO  com.config.tool.mainScreen.MainScreenUI - TMP Privileges action cancelled by the user.
16:07:24.064 [AWT-EventQueue-0] INFO  com.config.tool.mainScreen.MainScreenUI - Button clicked: Logout
16:07:24.064 [AWT-EventQueue-0] INFO  com.config.tool.mainScreen.MainScreenUI - Showing wait prompt: Operation in progress...
16:07:24.137 [Thread-1] INFO  com.config.tool.mainScreen.MainScreenUI - Logging out from the main screen
18:11:19.129 [main] INFO  com.config.tool.AppMain - Application started.
18:11:30.923 [AWT-EventQueue-0] INFO  com.config.tool.login.LoginPresenter - Attempting login for username: admin
18:11:30.925 [AWT-EventQueue-0] INFO  com.config.tool.login.LoginPresenter - Login successful for username: admin
18:11:30.925 [AWT-EventQueue-0] INFO  com.config.tool.login.LoginScreenUI - Showing main menu screen
18:11:43.158 [AWT-EventQueue-0] INFO  com.config.tool.mainScreen.MainScreenUI - Button clicked: Add TMP Privileges
18:11:43.158 [AWT-EventQueue-0] INFO  com.config.tool.mainScreen.MainScreenUI - Showing wait prompt: Operation in progress...
18:11:43.212 [Thread-0] INFO  com.config.tool.mainScreen.MainScreenUI - Handling TMP Privileges...
18:15:06.319 [Thread-0] INFO  com.config.tool.mainScreen.MainScreenUI - Employee ID entered: 
18:16:40.419 [AWT-EventQueue-0] INFO  com.config.tool.mainScreen.MainScreenUI - Button clicked: Logout
18:16:40.420 [AWT-EventQueue-0] INFO  com.config.tool.mainScreen.MainScreenUI - Showing wait prompt: Operation in progress...
18:16:40.451 [Thread-1] INFO  com.config.tool.mainScreen.MainScreenUI - Logging out from the main screen
12:59:37.638 [main] INFO  com.config.tool.AppMain - Application started.
12:59:53.030 [AWT-EventQueue-0] INFO  com.config.tool.login.LoginPresenter - Attempting login for username: admin
12:59:53.032 [AWT-EventQueue-0] INFO  com.config.tool.login.LoginPresenter - Login successful for username: admin
12:59:53.032 [AWT-EventQueue-0] INFO  com.config.tool.login.LoginScreenUI - Showing main menu screen
13:00:15.031 [AWT-EventQueue-0] INFO  com.config.tool.mainScreen.MainScreenUI - Button clicked: Add TMP Privileges
13:00:15.032 [AWT-EventQueue-0] INFO  com.config.tool.mainScreen.MainScreenUI - Showing wait prompt: Operation in progress...
13:00:15.093 [Thread-0] INFO  com.config.tool.mainScreen.MainScreenUI - Handling TMP Privileges...
13:00:24.661 [Thread-0] INFO  com.config.tool.mainScreen.MainScreenUI - Employee ID entered: 1111
13:02:25.977 [AWT-EventQueue-0] INFO  com.config.tool.mainScreen.MainScreenUI - Button clicked: Logout
13:02:25.977 [AWT-EventQueue-0] INFO  com.config.tool.mainScreen.MainScreenUI - Showing wait prompt: Operation in progress...
13:02:26.002 [Thread-1] INFO  com.config.tool.mainScreen.MainScreenUI - Logging out from the main screen
17:27:45.897 [main] INFO  com.config.tool.AppMain - Application started.
17:27:55.989 [AWT-EventQueue-0] INFO  com.config.tool.login.LoginPresenter - Attempting login for username: admin
17:27:55.990 [AWT-EventQueue-0] INFO  com.config.tool.login.LoginPresenter - Login successful for username: admin
17:27:55.990 [AWT-EventQueue-0] INFO  com.config.tool.login.LoginScreenUI - Showing main menu screen
17:28:00.611 [AWT-EventQueue-0] INFO  com.config.tool.mainScreen.MainScreenUI - Button clicked: Database Operations
17:28:00.612 [AWT-EventQueue-0] INFO  com.config.tool.mainScreen.MainScreenUI - Showing wait prompt: Operation in progress...
17:28:57.804 [main] INFO  com.config.tool.AppMain - Application started.
17:29:06.931 [AWT-EventQueue-0] INFO  com.config.tool.login.LoginPresenter - Attempting login for username: admin
17:29:06.933 [AWT-EventQueue-0] INFO  com.config.tool.login.LoginPresenter - Login successful for username: admin
17:29:06.933 [AWT-EventQueue-0] INFO  com.config.tool.login.LoginScreenUI - Showing main menu screen
17:29:09.794 [AWT-EventQueue-0] INFO  com.config.tool.mainScreen.MainScreenUI - Button clicked: Database Operations
17:29:09.795 [AWT-EventQueue-0] INFO  com.config.tool.mainScreen.MainScreenUI - Showing wait prompt: Operation in progress...
17:30:19.370 [AWT-EventQueue-0] INFO  com.config.tool.mainScreen.MainScreenUI - Button clicked: Database Operations
17:30:19.370 [AWT-EventQueue-0] INFO  com.config.tool.mainScreen.MainScreenUI - Showing wait prompt: Operation in progress...
17:33:20.022 [AWT-EventQueue-0] INFO  com.config.tool.mainScreen.MainScreenUI - Button clicked: Database Operations
17:33:20.023 [AWT-EventQueue-0] INFO  com.config.tool.mainScreen.MainScreenUI - Showing wait prompt: Operation in progress...
17:39:27.456 [AWT-EventQueue-0] INFO  com.config.tool.mainScreen.MainScreenUI - Button clicked: Logout
17:39:27.460 [AWT-EventQueue-0] INFO  com.config.tool.mainScreen.MainScreenUI - Showing wait prompt: Operation in progress...
17:39:27.520 [Thread-3] INFO  com.config.tool.mainScreen.MainScreenUI - Logging out from the main screen
17:39:28.958 [AWT-EventQueue-0] INFO  com.config.tool.login.LoginPresenter - Cancel button clicked
17:39:28.958 [AWT-EventQueue-0] WARN  com.config.tool.login.LoginScreenUI - Showing non-cancelable box
17:44:49.601 [main] INFO  com.config.tool.AppMain - Application started.
17:45:00.415 [AWT-EventQueue-0] INFO  com.config.tool.login.LoginPresenter - Attempting login for username: admin
17:45:00.416 [AWT-EventQueue-0] INFO  com.config.tool.login.LoginPresenter - Login successful for username: admin
17:45:00.417 [AWT-EventQueue-0] INFO  com.config.tool.login.LoginScreenUI - Showing main menu screen
17:45:03.801 [AWT-EventQueue-0] INFO  com.config.tool.mainScreen.MainScreenUI - Button clicked: Database Operations
17:45:03.802 [AWT-EventQueue-0] INFO  com.config.tool.mainScreen.MainScreenUI - Showing wait prompt: Operation in progress...
17:46:11.291 [AWT-EventQueue-0] INFO  com.config.tool.mainScreen.MainScreenUI - Button clicked: Database Operations
17:46:11.291 [AWT-EventQueue-0] INFO  com.config.tool.mainScreen.MainScreenUI - Showing wait prompt: Operation in progress...
17:49:06.173 [main] INFO  com.config.tool.AppMain - Application started.
17:49:15.266 [AWT-EventQueue-0] INFO  com.config.tool.login.LoginPresenter - Attempting login for username: admin
17:49:15.266 [AWT-EventQueue-0] INFO  com.config.tool.login.LoginPresenter - Login successful for username: admin
17:49:15.266 [AWT-EventQueue-0] INFO  com.config.tool.login.LoginScreenUI - Showing main menu screen
17:49:18.246 [AWT-EventQueue-0] INFO  com.config.tool.mainScreen.MainScreenUI - Button clicked: Database Operations
17:49:18.246 [AWT-EventQueue-0] INFO  com.config.tool.mainScreen.MainScreenUI - Showing wait prompt: Operation in progress...
18:56:30.271 [main] INFO  com.config.tool.AppMain - Application started.
18:56:39.809 [AWT-EventQueue-0] INFO  com.config.tool.login.LoginPresenter - Attempting login for username: admin
18:56:39.809 [AWT-EventQueue-0] INFO  com.config.tool.login.LoginPresenter - Login successful for username: admin
18:56:39.809 [AWT-EventQueue-0] INFO  com.config.tool.login.LoginScreenUI - Showing main menu screen
18:58:00.676 [AWT-EventQueue-0] INFO  com.config.tool.mainScreen.MainScreenUI - Button clicked: Logout
18:58:00.677 [AWT-EventQueue-0] INFO  com.config.tool.mainScreen.MainScreenUI - Showing wait prompt: Operation in progress...
18:58:00.707 [Thread-0] INFO  com.config.tool.mainScreen.MainScreenUI - Logging out from the main screen
17:56:47.955 [main] INFO  com.config.tool.AppMain - Application started.
17:57:08.261 [AWT-EventQueue-0] INFO  com.config.tool.login.LoginPresenter - Attempting login for username: admin 
17:57:08.261 [AWT-EventQueue-0] WARN  com.config.tool.login.LoginPresenter - Username not found: admin 
17:57:08.261 [AWT-EventQueue-0] ERROR com.config.tool.login.LoginScreenUI - Login failed
17:57:15.485 [AWT-EventQueue-0] INFO  com.config.tool.login.LoginPresenter - Attempting login for username: admin 
17:57:15.485 [AWT-EventQueue-0] WARN  com.config.tool.login.LoginPresenter - Username not found: admin 
17:57:15.485 [AWT-EventQueue-0] ERROR com.config.tool.login.LoginScreenUI - Login failed
17:57:25.675 [AWT-EventQueue-0] INFO  com.config.tool.login.LoginPresenter - Attempting login for username: admin
17:57:25.675 [AWT-EventQueue-0] INFO  com.config.tool.login.LoginPresenter - Login successful for username: admin
17:57:25.675 [AWT-EventQueue-0] INFO  com.config.tool.login.LoginScreenUI - Showing main menu screen
17:57:29.065 [AWT-EventQueue-0] INFO  com.config.tool.mainScreen.MainScreenUI - Button clicked: Database Operations
17:57:29.065 [AWT-EventQueue-0] INFO  com.config.tool.mainScreen.MainScreenUI - Showing wait prompt: Operation in progress...
17:57:56.860 [AWT-EventQueue-0] INFO  com.config.tool.mainScreen.MainScreenUI - Button clicked: Logout
17:57:56.860 [AWT-EventQueue-0] INFO  com.config.tool.mainScreen.MainScreenUI - Showing wait prompt: Operation in progress...
17:57:56.891 [Thread-1] INFO  com.config.tool.mainScreen.MainScreenUI - Logging out from the main screen
18:25:19.247 [main] INFO  com.config.tool.AppMain - Application started.
18:25:30.586 [AWT-EventQueue-0] INFO  com.config.tool.login.LoginPresenter - Attempting login for username: admin
18:25:30.586 [AWT-EventQueue-0] INFO  com.config.tool.login.LoginPresenter - Login successful for username: admin
18:25:30.592 [AWT-EventQueue-0] INFO  com.config.tool.login.LoginScreenUI - Showing main menu screen
18:25:34.558 [AWT-EventQueue-0] INFO  com.config.tool.mainScreen.MainScreenUI - Button clicked: Database Operations
18:25:34.558 [AWT-EventQueue-0] INFO  com.config.tool.mainScreen.MainScreenUI - Showing wait prompt: Operation in progress...
18:26:16.759 [AWT-EventQueue-0] INFO  com.config.tool.mainScreen.MainScreenUI - Button clicked: Logout
18:26:16.759 [AWT-EventQueue-0] INFO  com.config.tool.mainScreen.MainScreenUI - Showing wait prompt: Operation in progress...
18:26:16.891 [Thread-3] INFO  com.config.tool.mainScreen.MainScreenUI - Logging out from the main screen
18:31:46.478 [main] INFO  com.config.tool.AppMain - Application started.
18:32:00.614 [AWT-EventQueue-0] INFO  com.config.tool.login.LoginPresenter - Attempting login for username: admin
18:32:00.622 [AWT-EventQueue-0] INFO  com.config.tool.login.LoginPresenter - Login successful for username: admin
18:32:00.622 [AWT-EventQueue-0] INFO  com.config.tool.login.LoginScreenUI - Showing main menu screen
18:32:03.797 [AWT-EventQueue-0] INFO  com.config.tool.mainScreen.MainScreenUI - Button clicked: Database Operations
18:32:03.797 [AWT-EventQueue-0] INFO  com.config.tool.mainScreen.MainScreenUI - Showing wait prompt: Operation in progress...
18:34:20.754 [AWT-EventQueue-0] INFO  com.config.tool.mainScreen.MainScreenUI - Button clicked: Database Operations
18:34:20.767 [AWT-EventQueue-0] INFO  com.config.tool.mainScreen.MainScreenUI - Showing wait prompt: Operation in progress...
18:41:59.873 [AWT-EventQueue-0] INFO  com.config.tool.mainScreen.MainScreenUI - Button clicked: Database Operations
18:41:59.889 [AWT-EventQueue-0] INFO  com.config.tool.mainScreen.MainScreenUI - Showing wait prompt: Operation in progress...
18:43:13.637 [AWT-EventQueue-0] INFO  com.config.tool.mainScreen.MainScreenUI - Button clicked: Logout
18:43:13.638 [AWT-EventQueue-0] INFO  com.config.tool.mainScreen.MainScreenUI - Showing wait prompt: Operation in progress...
18:43:13.725 [Thread-5] INFO  com.config.tool.mainScreen.MainScreenUI - Logging out from the main screen
11:50:08.049 [main] INFO  com.config.tool.AppMain - Application started.
11:50:19.711 [AWT-EventQueue-0] INFO  com.config.tool.login.LoginPresenter - Attempting login for username: admin
11:50:19.713 [AWT-EventQueue-0] INFO  com.config.tool.login.LoginPresenter - Login successful for username: admin
11:50:19.713 [AWT-EventQueue-0] INFO  com.config.tool.login.LoginScreenUI - Showing main menu screen
11:50:23.122 [AWT-EventQueue-0] INFO  com.config.tool.mainScreen.MainScreenUI - Button clicked: Database Operations
11:50:23.122 [AWT-EventQueue-0] INFO  com.config.tool.mainScreen.MainScreenUI - Showing wait prompt: Operation in progress...
11:51:20.735 [AWT-EventQueue-0] INFO  com.config.tool.mainScreen.MainScreenUI - Button clicked: Database Operations
11:51:20.735 [AWT-EventQueue-0] INFO  com.config.tool.mainScreen.MainScreenUI - Showing wait prompt: Operation in progress...
11:52:20.566 [AWT-EventQueue-0] INFO  com.config.tool.mainScreen.MainScreenUI - Button clicked: Logout
11:52:20.567 [AWT-EventQueue-0] INFO  com.config.tool.mainScreen.MainScreenUI - Showing wait prompt: Operation in progress...
11:52:20.681 [Thread-4] INFO  com.config.tool.mainScreen.MainScreenUI - Logging out from the main screen
17:36:52.222 [main] INFO  com.config.tool.AppMain - Application started.
17:36:52.330 [main] INFO  com.config.tool.AppMain - Application started.
17:36:52.306 [main] INFO  com.config.tool.AppMain - Application started.
17:40:32.685 [AWT-EventQueue-0] INFO  com.config.tool.login.LoginPresenter - Attempting login for username: admin
17:40:32.700 [AWT-EventQueue-0] INFO  com.config.tool.login.LoginPresenter - Login successful for username: admin
17:40:32.700 [AWT-EventQueue-0] INFO  com.config.tool.login.LoginScreenUI - Showing main menu screen
17:40:45.934 [AWT-EventQueue-0] INFO  com.config.tool.mainScreen.MainScreenUI - Button clicked: Database Operations
17:40:45.935 [AWT-EventQueue-0] INFO  com.config.tool.mainScreen.MainScreenUI - Showing wait prompt: Operation in progress...
17:46:07.110 [AWT-EventQueue-0] INFO  com.config.tool.mainScreen.MainScreenUI - Button clicked: Database Operations
17:46:07.121 [AWT-EventQueue-0] INFO  com.config.tool.mainScreen.MainScreenUI - Showing wait prompt: Operation in progress...
19:04:26.803 [AWT-EventQueue-0] INFO  com.config.tool.mainScreen.MainScreenUI - Button clicked: Logout
19:04:26.897 [AWT-EventQueue-0] INFO  com.config.tool.mainScreen.MainScreenUI - Showing wait prompt: Operation in progress...
19:04:27.085 [Thread-4] INFO  com.config.tool.mainScreen.MainScreenUI - Logging out from the main screen
10:16:04.399 [main] INFO  com.config.tool.AppMain - Application started.
10:16:17.054 [AWT-EventQueue-0] INFO  com.config.tool.login.LoginPresenter - Attempting login for username: admin
10:16:17.054 [AWT-EventQueue-0] INFO  com.config.tool.login.LoginPresenter - Login successful for username: admin
10:16:17.054 [AWT-EventQueue-0] INFO  com.config.tool.login.LoginScreenUI - Showing main menu screen
10:16:28.811 [AWT-EventQueue-0] INFO  com.config.tool.mainScreen.MainScreenUI - Button clicked: Logout
10:16:28.811 [AWT-EventQueue-0] INFO  com.config.tool.mainScreen.MainScreenUI - Showing wait prompt: Operation in progress...
10:16:28.890 [Thread-0] INFO  com.config.tool.mainScreen.MainScreenUI - Logging out from the main screen
10:39:47.858 [main] INFO  com.config.tool.AppMain - Application started.
10:39:57.171 [AWT-EventQueue-0] INFO  com.config.tool.login.LoginPresenter - Attempting login for username: admin
10:39:57.173 [AWT-EventQueue-0] INFO  com.config.tool.login.LoginPresenter - Login successful for username: admin
10:39:57.174 [AWT-EventQueue-0] INFO  com.config.tool.login.LoginScreenUI - Showing main menu screen
10:39:59.855 [AWT-EventQueue-0] INFO  com.config.tool.mainScreen.MainScreenUI - Button clicked: Database Operations
10:39:59.855 [AWT-EventQueue-0] INFO  com.config.tool.mainScreen.MainScreenUI - Showing wait prompt: Operation in progress...
10:44:26.107 [AWT-EventQueue-0] INFO  com.config.tool.mainScreen.MainScreenUI - Button clicked: Database Operations
10:44:26.108 [AWT-EventQueue-0] INFO  com.config.tool.mainScreen.MainScreenUI - Showing wait prompt: Operation in progress...
10:45:05.289 [AWT-EventQueue-0] INFO  com.config.tool.mainScreen.MainScreenUI - Button clicked: Logout
10:45:05.289 [AWT-EventQueue-0] INFO  com.config.tool.mainScreen.MainScreenUI - Showing wait prompt: Operation in progress...
10:45:05.349 [Thread-4] INFO  com.config.tool.mainScreen.MainScreenUI - Logging out from the main screen
11:23:12.169 [main] INFO  com.config.tool.AppMain - Application started.
11:23:26.141 [AWT-EventQueue-0] INFO  com.config.tool.login.LoginPresenter - Attempting login for username: admin
11:23:26.141 [AWT-EventQueue-0] INFO  com.config.tool.login.LoginPresenter - Login successful for username: admin
11:23:26.141 [AWT-EventQueue-0] INFO  com.config.tool.login.LoginScreenUI - Showing main menu screen
11:23:34.446 [AWT-EventQueue-0] INFO  com.config.tool.mainScreen.MainScreenUI - Button clicked: Logout
11:23:34.446 [AWT-EventQueue-0] INFO  com.config.tool.mainScreen.MainScreenUI - Showing wait prompt: Operation in progress...
11:23:34.476 [Thread-0] INFO  com.config.tool.mainScreen.MainScreenUI - Logging out from the main screen
11:24:02.755 [main] INFO  com.config.tool.AppMain - Application started.
11:24:10.476 [AWT-EventQueue-0] INFO  com.config.tool.login.LoginPresenter - Attempting login for username: admin
11:24:10.476 [AWT-EventQueue-0] INFO  com.config.tool.login.LoginPresenter - Login successful for username: admin
11:24:10.476 [AWT-EventQueue-0] INFO  com.config.tool.login.LoginScreenUI - Showing main menu screen
11:24:13.090 [AWT-EventQueue-0] INFO  com.config.tool.mainScreen.MainScreenUI - Button clicked: Logout
11:24:13.090 [AWT-EventQueue-0] INFO  com.config.tool.mainScreen.MainScreenUI - Showing wait prompt: Operation in progress...
11:24:13.106 [Thread-0] INFO  com.config.tool.mainScreen.MainScreenUI - Logging out from the main screen
13:09:25.945 [main] INFO  com.config.tool.AppMain - Application started.
13:09:36.733 [AWT-EventQueue-0] INFO  com.config.tool.login.LoginPresenter - Attempting login for username: admin
13:09:36.733 [AWT-EventQueue-0] INFO  com.config.tool.login.LoginPresenter - Login successful for username: admin
13:09:36.740 [AWT-EventQueue-0] INFO  com.config.tool.login.LoginScreenUI - Showing main menu screen
13:09:48.486 [AWT-EventQueue-0] INFO  com.config.tool.mainScreen.MainScreenUI - Button clicked: Database Operations
13:09:48.491 [AWT-EventQueue-0] INFO  com.config.tool.mainScreen.MainScreenUI - Showing wait prompt: Operation in progress...
13:09:50.693 [AWT-EventQueue-0] INFO  com.config.tool.mainScreen.MainScreenUI - No valid option selected for Database Backup/Restore.
13:09:54.728 [AWT-EventQueue-0] INFO  com.config.tool.mainScreen.MainScreenUI - Button clicked: Database Operations
13:09:54.728 [AWT-EventQueue-0] INFO  com.config.tool.mainScreen.MainScreenUI - Showing wait prompt: Operation in progress...
13:10:02.217 [AWT-EventQueue-0] INFO  com.config.tool.mainScreen.MainScreenUI - No valid option selected for Database Backup/Restore.
13:10:03.545 [AWT-EventQueue-0] INFO  com.config.tool.mainScreen.MainScreenUI - Button clicked: Database Operations
13:10:03.545 [AWT-EventQueue-0] INFO  com.config.tool.mainScreen.MainScreenUI - Showing wait prompt: Operation in progress...
13:10:10.244 [AWT-EventQueue-0] INFO  com.config.tool.mainScreen.MainScreenUI - No valid option selected for Database Backup/Restore.
13:10:11.669 [AWT-EventQueue-0] INFO  com.config.tool.mainScreen.MainScreenUI - Button clicked: Logout
13:10:11.669 [AWT-EventQueue-0] INFO  com.config.tool.mainScreen.MainScreenUI - Showing wait prompt: Operation in progress...
13:10:11.734 [Thread-3] INFO  com.config.tool.mainScreen.MainScreenUI - Logging out from the main screen
13:40:49.578 [main] INFO  com.config.tool.AppMain - Application started.
13:41:01.023 [AWT-EventQueue-0] INFO  com.config.tool.login.LoginPresenter - Attempting login for username: admin
13:41:01.025 [AWT-EventQueue-0] INFO  com.config.tool.login.LoginPresenter - Login successful for username: admin
13:41:01.026 [AWT-EventQueue-0] INFO  com.config.tool.login.LoginScreenUI - Showing main menu screen
13:41:04.855 [AWT-EventQueue-0] INFO  com.config.tool.mainScreen.MainScreenUI - Button clicked: Database Operations
13:41:04.855 [AWT-EventQueue-0] INFO  com.config.tool.mainScreen.MainScreenUI - Showing wait prompt: Operation in progress...
13:41:37.240 [AWT-EventQueue-0] INFO  com.config.tool.mainScreen.MainScreenUI - Button clicked: Logout
13:41:37.240 [AWT-EventQueue-0] INFO  com.config.tool.mainScreen.MainScreenUI - Showing wait prompt: Operation in progress...
13:41:37.283 [Thread-1] INFO  com.config.tool.mainScreen.MainScreenUI - Logging out from the main screen
14:08:13.169 [main] INFO  com.config.tool.AppMain - Application started.
14:08:23.137 [AWT-EventQueue-0] INFO  com.config.tool.login.LoginPresenter - Attempting login for username: admin
14:08:23.140 [AWT-EventQueue-0] INFO  com.config.tool.login.LoginPresenter - Login successful for username: admin
14:08:23.140 [AWT-EventQueue-0] INFO  com.config.tool.login.LoginScreenUI - Showing main menu screen
14:08:25.218 [AWT-EventQueue-0] INFO  com.config.tool.mainScreen.MainScreenUI - Button clicked: Database Operations
14:08:25.218 [AWT-EventQueue-0] INFO  com.config.tool.mainScreen.MainScreenUI - Showing wait prompt: Operation in progress...
14:08:45.654 [AWT-EventQueue-0] INFO  com.config.tool.mainScreen.MainScreenUI - Database backup completed successfully
14:09:07.264 [AWT-EventQueue-0] INFO  com.config.tool.mainScreen.MainScreenUI - Button clicked: Logout
14:09:07.266 [AWT-EventQueue-0] INFO  com.config.tool.mainScreen.MainScreenUI - Showing wait prompt: Operation in progress...
14:09:07.363 [Thread-1] INFO  com.config.tool.mainScreen.MainScreenUI - Logging out from the main screen
15:12:27.369 [main] INFO  com.config.tool.AppMain - Application started.
15:12:36.656 [AWT-EventQueue-0] INFO  com.config.tool.login.LoginPresenter - Attempting login for username: admin
15:12:36.656 [AWT-EventQueue-0] INFO  com.config.tool.login.LoginPresenter - Login successful for username: admin
15:12:36.656 [AWT-EventQueue-0] INFO  com.config.tool.login.LoginScreenUI - Showing main menu screen
15:13:15.930 [AWT-EventQueue-0] INFO  com.config.tool.mainScreen.MainScreenUI - Button clicked: Logout
15:13:15.930 [AWT-EventQueue-0] INFO  com.config.tool.mainScreen.MainScreenUI - Showing wait prompt: Operation in progress...
15:13:15.977 [Thread-0] INFO  com.config.tool.mainScreen.MainScreenUI - Logging out from the main screen
15:37:52.339 [AWT-EventQueue-0] INFO  com.config.tool.login.LoginPresenter - Attempting login for username: admin
15:37:52.344 [AWT-EventQueue-0] INFO  com.config.tool.login.LoginPresenter - Login successful for username: admin
15:37:52.344 [AWT-EventQueue-0] INFO  com.config.tool.login.LoginScreenUI - Showing main menu screen
15:41:08.849 [AWT-EventQueue-0] INFO  com.config.tool.mainScreen.MainScreenUI - Button clicked: Add TMP Privileges
15:41:08.849 [AWT-EventQueue-0] INFO  com.config.tool.mainScreen.MainScreenUI - Showing wait prompt: Operation in progress...
15:41:08.896 [Thread-1] INFO  com.config.tool.mainScreen.MainScreenUI - Handling TMP Privileges...
15:41:17.086 [Thread-1] INFO  com.config.tool.mainScreen.MainScreenUI - TMP Privileges action cancelled by the user.
15:45:08.662 [AWT-EventQueue-0] INFO  com.config.tool.mainScreen.MainScreenUI - Button clicked: Database Operations
15:45:08.663 [AWT-EventQueue-0] INFO  com.config.tool.mainScreen.MainScreenUI - Showing wait prompt: Operation in progress...
15:45:24.028 [AWT-EventQueue-0] INFO  com.config.tool.mainScreen.MainScreenUI - Database backup completed successfully
15:45:36.044 [AWT-EventQueue-0] INFO  com.config.tool.mainScreen.MainScreenUI - Button clicked: Logout
15:45:36.044 [AWT-EventQueue-0] INFO  com.config.tool.mainScreen.MainScreenUI - Showing wait prompt: Operation in progress...
15:45:36.097 [Thread-3] INFO  com.config.tool.mainScreen.MainScreenUI - Logging out from the main screen
15:54:37.474 [main] INFO  com.config.tool.AppMain - Application started.
15:54:45.381 [AWT-EventQueue-0] INFO  com.config.tool.login.LoginPresenter - Attempting login for username: admin
15:54:45.382 [AWT-EventQueue-0] INFO  com.config.tool.login.LoginPresenter - Login successful for username: admin
15:54:45.382 [AWT-EventQueue-0] INFO  com.config.tool.login.LoginScreenUI - Showing main menu screen
15:54:49.286 [AWT-EventQueue-0] INFO  com.config.tool.mainScreen.MainScreenUI - Button clicked: Database Operations
15:54:49.286 [AWT-EventQueue-0] INFO  com.config.tool.mainScreen.MainScreenUI - Showing wait prompt: Operation in progress...
16:18:53.527 [AWT-EventQueue-0] INFO  com.config.tool.mainScreen.MainScreenUI - Database backup completed successfully
16:18:54.804 [AWT-EventQueue-0] INFO  com.config.tool.mainScreen.MainScreenUI - Button clicked: Logout
16:18:54.804 [AWT-EventQueue-0] INFO  com.config.tool.mainScreen.MainScreenUI - Showing wait prompt: Operation in progress...
16:18:54.860 [Thread-1] INFO  com.config.tool.mainScreen.MainScreenUI - Logging out from the main screen
17:30:48.557 [main] INFO  com.config.tool.AppMain - Application started.
17:30:59.893 [AWT-EventQueue-0] INFO  com.config.tool.login.LoginPresenter - Attempting login for username: admin
17:30:59.893 [AWT-EventQueue-0] INFO  com.config.tool.login.LoginPresenter - Login successful for username: admin
17:30:59.893 [AWT-EventQueue-0] INFO  com.config.tool.login.LoginScreenUI - Showing main menu screen
17:31:01.968 [AWT-EventQueue-0] INFO  com.config.tool.mainScreen.MainScreenUI - Button clicked: Database Operations
17:31:01.968 [AWT-EventQueue-0] INFO  com.config.tool.mainScreen.MainScreenUI - Showing wait prompt: Operation in progress...
17:32:37.583 [main] INFO  com.config.tool.AppMain - Application started.
17:35:18.274 [main] INFO  com.config.tool.AppMain - Application started.
17:35:25.469 [AWT-EventQueue-0] INFO  com.config.tool.login.LoginPresenter - Attempting login for username: admin
17:35:25.469 [AWT-EventQueue-0] INFO  com.config.tool.login.LoginPresenter - Login successful for username: admin
17:35:25.469 [AWT-EventQueue-0] INFO  com.config.tool.login.LoginScreenUI - Showing main menu screen
17:35:27.771 [AWT-EventQueue-0] INFO  com.config.tool.mainScreen.MainScreenUI - Button clicked: Database Operations
17:35:27.771 [AWT-EventQueue-0] INFO  com.config.tool.mainScreen.MainScreenUI - Showing wait prompt: Operation in progress...
17:53:43.669 [AWT-EventQueue-0] INFO  com.config.tool.mainScreen.MainScreenUI - Database backup completed successfully
17:53:44.519 [AWT-EventQueue-0] INFO  com.config.tool.mainScreen.MainScreenUI - Button clicked: Logout
17:53:44.519 [AWT-EventQueue-0] INFO  com.config.tool.mainScreen.MainScreenUI - Showing wait prompt: Operation in progress...
17:53:44.581 [Thread-1] INFO  com.config.tool.mainScreen.MainScreenUI - Logging out from the main screen
17:57:54.823 [main] INFO  com.config.tool.AppMain - Application started.
17:58:05.471 [AWT-EventQueue-0] INFO  com.config.tool.login.LoginPresenter - Attempting login for username: admin
17:58:05.471 [AWT-EventQueue-0] INFO  com.config.tool.login.LoginPresenter - Login successful for username: admin
17:58:05.471 [AWT-EventQueue-0] INFO  com.config.tool.login.LoginScreenUI - Showing main menu screen
17:58:09.055 [AWT-EventQueue-0] INFO  com.config.tool.mainScreen.MainScreenUI - Button clicked: Database Operations
17:58:09.055 [AWT-EventQueue-0] INFO  com.config.tool.mainScreen.MainScreenUI - Showing wait prompt: Operation in progress...
17:58:51.654 [AWT-EventQueue-0] INFO  com.config.tool.mainScreen.MainScreenUI - Database backup completed successfully
18:00:39.423 [main] INFO  com.config.tool.AppMain - Application started.
18:00:48.249 [AWT-EventQueue-0] INFO  com.config.tool.login.LoginPresenter - Attempting login for username: admin
18:00:48.249 [AWT-EventQueue-0] INFO  com.config.tool.login.LoginPresenter - Login successful for username: admin
18:00:48.249 [AWT-EventQueue-0] INFO  com.config.tool.login.LoginScreenUI - Showing main menu screen
18:00:50.539 [AWT-EventQueue-0] INFO  com.config.tool.mainScreen.MainScreenUI - Button clicked: Database Operations
18:00:50.553 [AWT-EventQueue-0] INFO  com.config.tool.mainScreen.MainScreenUI - Showing wait prompt: Operation in progress...
18:10:51.898 [AWT-EventQueue-0] INFO  com.config.tool.mainScreen.MainScreenUI - Database backup completed successfully
18:19:39.046 [main] INFO  com.config.tool.AppMain - Application started.
18:19:48.496 [AWT-EventQueue-0] INFO  com.config.tool.login.LoginPresenter - Attempting login for username: admin
18:19:48.496 [AWT-EventQueue-0] INFO  com.config.tool.login.LoginPresenter - Login successful for username: admin
18:19:48.496 [AWT-EventQueue-0] INFO  com.config.tool.login.LoginScreenUI - Showing main menu screen
18:19:51.234 [AWT-EventQueue-0] INFO  com.config.tool.mainScreen.MainScreenUI - Button clicked: Database Operations
18:19:51.234 [AWT-EventQueue-0] INFO  com.config.tool.mainScreen.MainScreenUI - Showing wait prompt: Operation in progress...
18:20:53.526 [AWT-EventQueue-0] INFO  com.config.tool.mainScreen.MainScreenUI - Database backup completed successfully
18:36:48.286 [main] INFO  com.config.tool.AppMain - Application started.
18:36:59.678 [AWT-EventQueue-0] INFO  com.config.tool.login.LoginPresenter - Attempting login for username: admin
18:36:59.678 [AWT-EventQueue-0] INFO  com.config.tool.login.LoginPresenter - Login successful for username: admin
18:36:59.678 [AWT-EventQueue-0] INFO  com.config.tool.login.LoginScreenUI - Showing main menu screen
18:37:02.094 [AWT-EventQueue-0] INFO  com.config.tool.mainScreen.MainScreenUI - Button clicked: Database Operations
18:37:02.094 [AWT-EventQueue-0] INFO  com.config.tool.mainScreen.MainScreenUI - Showing wait prompt: Operation in progress...
18:37:51.753 [AWT-EventQueue-0] INFO  com.config.tool.mainScreen.MainScreenUI - Database backup completed successfully
19:14:44.452 [AWT-EventQueue-0] INFO  com.config.tool.mainScreen.MainScreenUI - Button clicked: Database Operations
19:14:44.504 [AWT-EventQueue-0] INFO  com.config.tool.mainScreen.MainScreenUI - Showing wait prompt: Operation in progress...
19:14:47.589 [AWT-EventQueue-0] INFO  com.config.tool.mainScreen.MainScreenUI - No valid option selected for Database Backup/Restore.
19:14:48.980 [AWT-EventQueue-0] INFO  com.config.tool.mainScreen.MainScreenUI - Button clicked: Logout
19:14:48.980 [AWT-EventQueue-0] INFO  com.config.tool.mainScreen.MainScreenUI - Showing wait prompt: Operation in progress...
19:14:49.122 [Thread-2] INFO  com.config.tool.mainScreen.MainScreenUI - Logging out from the main screen
